This is pdfTeX, Version 3.1415926-1.40.10 (MiKTeX 2.8) (preloaded format=pdflatex 2009.11.11)  17 DEC 2009 18:08
entering extended mode
**C:/Documents*and*Settings/Jon/My*Documents/Prosjekt/solcelle/Latex_filer/Late
x_filer.tex

("C:/Documents and Settings/Jon/My Documents/Prosjekt/solcelle/Latex_filer/Late
x_filer.tex"
LaTeX2e <2005/12/01>
Babel <v3.8l> and hyphenation patterns for english, dumylang, nohyphenation, ge
rman, ngerman, german-x-2009-06-19, ngerman-x-2009-06-19, french, loaded.
("C:\Program Files\MiKTeX 2.8\tex\latex\base\article.cls"
Document Class: article 2005/09/16 v1.4f Standard LaTeX document class
("C:\Program Files\MiKTeX 2.8\tex\latex\base\size11.clo"
File: size11.clo 2005/09/16 v1.4f Standard LaTeX file (size option)
)
\c@part=\count79
\c@section=\count80
\c@subsection=\count81
\c@subsubsection=\count82
\c@paragraph=\count83
\c@subparagraph=\count84
\c@figure=\count85
\c@table=\count86
\abovecaptionskip=\skip41
\belowcaptionskip=\skip42
\bibindent=\dimen102
)
("C:\Program Files\MiKTeX 2.8\tex\latex\base\fontenc.sty"
Package: fontenc 2005/09/27 v1.99g Standard LaTeX package

("C:\Program Files\MiKTeX 2.8\tex\latex\base\t1enc.def"
File: t1enc.def 2005/09/27 v1.99g Standard LaTeX file
LaTeX Font Info:    Redeclaring font encoding T1 on input line 43.
))
("C:\Program Files\MiKTeX 2.8\tex\latex\base\inputenc.sty"
Package: inputenc 2006/05/05 v1.1b Input encoding file
\inpenc@prehook=\toks14
\inpenc@posthook=\toks15

("C:\Program Files\MiKTeX 2.8\tex\latex\base\latin1.def"
File: latin1.def 2006/05/05 v1.1b Input encoding file
))
("C:\Program Files\MiKTeX 2.8\tex\generic\babel\babel.sty"
Package: babel 2008/07/06 v3.8l The Babel package

*************************************
* Local config file bblopts.cfg used
*
("C:\Program Files\MiKTeX 2.8\tex\latex\00miktex\bblopts.cfg"
File: bblopts.cfg 2006/07/31 v1.0 MiKTeX 'babel' configuration
)
("C:\Program Files\MiKTeX 2.8\tex\generic\babel\norsk.ldf"
Language: norsk 2005/03/30 v2.0h Norsk support from the babel system

("C:\Program Files\MiKTeX 2.8\tex\generic\babel\babel.def"
File: babel.def 2008/07/06 v3.8l Babel common definitions
\babel@savecnt=\count87
\U@D=\dimen103
)

Package babel Warning: No hyphenation patterns were loaded for
(babel)                the language `Norsk'
(babel)                I will use the patterns loaded for \language=0 instead.

\l@norsk = a dialect from \language0
Package babel Info: Making " an active character on input line 113.
)) ("C:\Program Files\MiKTeX 2.8\tex\latex\graphics\graphicx.sty"
Package: graphicx 1999/02/16 v1.0f Enhanced LaTeX Graphics (DPC,SPQR)

("C:\Program Files\MiKTeX 2.8\tex\latex\graphics\keyval.sty"
Package: keyval 1999/03/16 v1.13 key=value parser (DPC)
\KV@toks@=\toks16
)
("C:\Program Files\MiKTeX 2.8\tex\latex\graphics\graphics.sty"
Package: graphics 2006/02/20 v1.0o Standard LaTeX Graphics (DPC,SPQR)

("C:\Program Files\MiKTeX 2.8\tex\latex\graphics\trig.sty"
Package: trig 1999/03/16 v1.09 sin cos tan (DPC)
)
("C:\Program Files\MiKTeX 2.8\tex\latex\00miktex\graphics.cfg"
File: graphics.cfg 2007/01/18 v1.5 graphics configuration of teTeX/TeXLive
)
Package graphics Info: Driver file: pdftex.def on input line 90.

("C:\Program Files\MiKTeX 2.8\tex\latex\pdftex-def\pdftex.def"
File: pdftex.def 2009/08/25 v0.04m Graphics/color for pdfTeX
\Gread@gobject=\count88
))
\Gin@req@height=\dimen104
\Gin@req@width=\dimen105
)
("C:\Program Files\MiKTeX 2.8\tex\latex\ams\math\amsmath.sty"
Package: amsmath 2000/07/18 v2.13 AMS math features
\@mathmargin=\skip43

For additional information on amsmath, use the `?' option.
("C:\Program Files\MiKTeX 2.8\tex\latex\ams\math\amstext.sty"
Package: amstext 2000/06/29 v2.01

("C:\Program Files\MiKTeX 2.8\tex\latex\ams\math\amsgen.sty"
File: amsgen.sty 1999/11/30 v2.0
\@emptytoks=\toks17
\ex@=\dimen106
))
("C:\Program Files\MiKTeX 2.8\tex\latex\ams\math\amsbsy.sty"
Package: amsbsy 1999/11/29 v1.2d
\pmbraise@=\dimen107
)
("C:\Program Files\MiKTeX 2.8\tex\latex\ams\math\amsopn.sty"
Package: amsopn 1999/12/14 v2.01 operator names
)
\inf@bad=\count89
LaTeX Info: Redefining \frac on input line 211.
\uproot@=\count90
\leftroot@=\count91
LaTeX Info: Redefining \overline on input line 307.
\classnum@=\count92
\DOTSCASE@=\count93
LaTeX Info: Redefining \ldots on input line 379.
LaTeX Info: Redefining \dots on input line 382.
LaTeX Info: Redefining \cdots on input line 467.
\Mathstrutbox@=\box26
\strutbox@=\box27
\big@size=\dimen108
LaTeX Font Info:    Redeclaring font encoding OML on input line 567.
LaTeX Font Info:    Redeclaring font encoding OMS on input line 568.
\macc@depth=\count94
\c@MaxMatrixCols=\count95
\dotsspace@=\muskip10
\c@parentequation=\count96
\dspbrk@lvl=\count97
\tag@help=\toks18
\row@=\count98
\column@=\count99
\maxfields@=\count100
\andhelp@=\toks19
\eqnshift@=\dimen109
\alignsep@=\dimen110
\tagshift@=\dimen111
\tagwidth@=\dimen112
\totwidth@=\dimen113
\lineht@=\dimen114
\@envbody=\toks20
\multlinegap=\skip44
\multlinetaggap=\skip45
\mathdisplay@stack=\toks21
LaTeX Info: Redefining \[ on input line 2666.
LaTeX Info: Redefining \] on input line 2667.
)
("C:\Program Files\MiKTeX 2.8\tex\latex\amsfonts\amsfonts.sty"
Package: amsfonts 2009/06/22 v3.00 Basic AMSFonts support
\symAMSa=\mathgroup4
\symAMSb=\mathgroup5
LaTeX Font Info:    Overwriting math alphabet `\mathfrak' in version `bold'
(Font)                  U/euf/m/n --> U/euf/b/n on input line 96.
)
("C:\Program Files\MiKTeX 2.8\tex\latex\amsfonts\amssymb.sty"
Package: amssymb 2009/06/22 v3.00
)
("C:\Documents and Settings\Jon\Application Data\MiKTeX\2.8\tex\latex\siunits\S
Iunits.sty"
Package: SIunits 2007/12/02 v1.36 Support for the International System of units
 (MH)


\@qskwidth=\skip46
\symgreek=\mathgroup6

("C:\Documents and Settings\Jon\Application Data\MiKTeX\2.8\tex\latex\siunits\S
Iunits.cfg")
Option `amssymb' provided!
) ("C:\Program Files\MiKTeX 2.8\tex\latex\float\float.sty"
Package: float 2001/11/08 v1.3d Float enhancements (AL)
\c@float@type=\count101
\float@exts=\toks22
\float@box=\box28
\@float@everytoks=\toks23
\@floatcapt=\box29
)
("C:\Program Files\MiKTeX 2.8\tex\latex\hyperref\hyperref.sty"
Package: hyperref 2009/09/10 v6.78u Hypertext links for LaTeX

("C:\Program Files\MiKTeX 2.8\tex\generic\oberdiek\ifpdf.sty"
Package: ifpdf 2009/04/10 v2.0 Provides the ifpdf switch (HO)
Package ifpdf Info: pdfTeX in pdf mode detected.
)
("C:\Program Files\MiKTeX 2.8\tex\generic\oberdiek\ifvtex.sty"
Package: ifvtex 2008/11/04 v1.4 Switches for detecting VTeX and its modes (HO)
Package ifvtex Info: VTeX not detected.
)
("C:\Program Files\MiKTeX 2.8\tex\latex\ifxetex\ifxetex.sty"
Package: ifxetex 2009/01/23 v0.5 Provides ifxetex conditional
)
("C:\Program Files\MiKTeX 2.8\tex\latex\oberdiek\hycolor.sty"
Package: hycolor 2008/09/08 v1.4 Code for color options of hyperref/bookmark (H
O)

("C:\Program Files\MiKTeX 2.8\tex\latex\oberdiek\xcolor-patch.sty"
Package: xcolor-patch 2008/09/08 xcolor patch
))
\@linkdim=\dimen115
\Hy@linkcounter=\count102
\Hy@pagecounter=\count103

("C:\Program Files\MiKTeX 2.8\tex\latex\hyperref\pd1enc.def"
File: pd1enc.def 2009/09/10 v6.78u Hyperref: PDFDocEncoding definition (HO)
)
("C:\Program Files\MiKTeX 2.8\tex\generic\oberdiek\etexcmds.sty"
Package: etexcmds 2007/12/12 v1.2 Prefix for e-TeX command names (HO)

("C:\Program Files\MiKTeX 2.8\tex\generic\oberdiek\infwarerr.sty"
Package: infwarerr 2007/09/09 v1.2 Providing info/warning/message (HO)
)
Package etexcmds Info: Could not find \expanded.
(etexcmds)             That can mean that you are not using pdfTeX 1.50 or
(etexcmds)             that some package has redefined \expanded.
(etexcmds)             In the latter case, load this package earlier.
)
("C:\Program Files\MiKTeX 2.8\tex\latex\00miktex\hyperref.cfg"
File: hyperref.cfg 2002/06/06 v1.2 hyperref configuration of TeXLive
)
("C:\Program Files\MiKTeX 2.8\tex\latex\oberdiek\kvoptions.sty"
Package: kvoptions 2009/08/13 v3.4 Keyval support for LaTeX options (HO)

("C:\Program Files\MiKTeX 2.8\tex\generic\oberdiek\kvsetkeys.sty"
Package: kvsetkeys 2009/07/30 v1.5 Key value parser with default handler suppor
t (HO)
))
Package hyperref Info: Option `bookmarks' set `true' on input line 2864.
Package hyperref Info: Hyper figures OFF on input line 2975.
Package hyperref Info: Link nesting OFF on input line 2980.
Package hyperref Info: Hyper index ON on input line 2983.
Package hyperref Info: Plain pages OFF on input line 2990.
Package hyperref Info: Backreferencing OFF on input line 2995.

Implicit mode ON; LaTeX internals redefined
Package hyperref Info: Bookmarks ON on input line 3191.
("C:\Program Files\MiKTeX 2.8\tex\latex\ltxmisc\url.sty"
\Urlmuskip=\muskip11
Package: url 2006/04/12  ver 3.3  Verb mode for urls, etc.
)
LaTeX Info: Redefining \url on input line 3428.

("C:\Program Files\MiKTeX 2.8\tex\generic\oberdiek\bitset.sty"
Package: bitset 2007/09/28 v1.0 Data type bit set (HO)

("C:\Program Files\MiKTeX 2.8\tex\generic\oberdiek\intcalc.sty"
Package: intcalc 2007/09/27 v1.1 Expandable integer calculations (HO)
)
("C:\Program Files\MiKTeX 2.8\tex\generic\oberdiek\bigintcalc.sty"
Package: bigintcalc 2007/11/11 v1.1 Expandable big integer calculations (HO)

("C:\Program Files\MiKTeX 2.8\tex\generic\oberdiek\pdftexcmds.sty"
Package: pdftexcmds 2009/04/10 v0.4 LuaTeX support for pdfTeX utility functions
 (HO)

("C:\Program Files\MiKTeX 2.8\tex\generic\oberdiek\ifluatex.sty"
Package: ifluatex 2009/04/17 v1.2 Provides the ifluatex switch (HO)
Package ifluatex Info: LuaTeX not detected.
)
Package pdftexcmds Info: LuaTeX not detected on input line 144.
)))
\Fld@menulength=\count104
\Field@Width=\dimen116
\Fld@charsize=\dimen117
\Field@toks=\toks24
Package hyperref Info: Hyper figures OFF on input line 4346.
Package hyperref Info: Link nesting OFF on input line 4351.
Package hyperref Info: Hyper index ON on input line 4354.
Package hyperref Info: backreferencing OFF on input line 4361.
Package hyperref Info: Link coloring OFF on input line 4366.
Package hyperref Info: Link coloring with OCG OFF on input line 4371.
Package hyperref Info: PDF/A mode OFF on input line 4376.

("C:\Program Files\MiKTeX 2.8\tex\generic\oberdiek\atbegshi.sty"
Package: atbegshi 2008/07/31 v1.9 At begin shipout hook (HO)
)
\Hy@abspage=\count105
\c@Item=\count106
\c@Hfootnote=\count107
)
*hyperref using default driver hpdftex*
("C:\Program Files\MiKTeX 2.8\tex\latex\hyperref\hpdftex.def"
File: hpdftex.def 2009/09/10 v6.78u Hyperref driver for pdfTeX
\Fld@listcount=\count108
)
("C:\Program Files\MiKTeX 2.8\tex\latex\tools\array.sty"
Package: array 2005/08/23 v2.4b Tabular extension package (FMi)
\col@sep=\dimen118
\extrarowheight=\dimen119
\NC@list=\toks25
\extratabsurround=\skip47
\backup@length=\skip48
)
("C:\Documents and Settings\Jon\Application Data\MiKTeX\2.8\tex\latex\pgf\front
endlayer\tikz.sty"
("C:\Documents and Settings\Jon\Application Data\MiKTeX\2.8\tex\latex\pgf\basic
layer\pgf.sty"
("C:\Documents and Settings\Jon\Application Data\MiKTeX\2.8\tex\latex\pgf\utili
ties\pgfrcs.sty"
("C:\Documents and Settings\Jon\Application Data\MiKTeX\2.8\tex\generic\pgf\uti
lities\pgfutil-common.tex"
\pgfutil@everybye=\toks26
)
("C:\Documents and Settings\Jon\Application Data\MiKTeX\2.8\tex\generic\pgf\uti
lities\pgfutil-latex.def")
("C:\Documents and Settings\Jon\Application Data\MiKTeX\2.8\tex\generic\pgf\uti
lities\pgfrcs.code.tex"
Package: pgfrcs 2008/02/20 v2.00 (rcs-revision 1.21)
))
Package: pgf 2008/01/15 v2.00 (rcs-revision 1.12)

("C:\Documents and Settings\Jon\Application Data\MiKTeX\2.8\tex\latex\pgf\basic
layer\pgfcore.sty"
("C:\Documents and Settings\Jon\Application Data\MiKTeX\2.8\tex\latex\pgf\syste
mlayer\pgfsys.sty"
("C:\Documents and Settings\Jon\Application Data\MiKTeX\2.8\tex\generic\pgf\sys
temlayer\pgfsys.code.tex"
Package: pgfsys 2008/02/07 v2.00 (rcs-revision 1.31)

("C:\Documents and Settings\Jon\Application Data\MiKTeX\2.8\tex\generic\pgf\uti
lities\pgfkeys.code.tex"
\pgfkeys@pathtoks=\toks27
\pgfkeys@temptoks=\toks28
)
\pgf@x=\dimen120
\pgf@y=\dimen121
\pgf@xa=\dimen122
\pgf@ya=\dimen123
\pgf@xb=\dimen124
\pgf@yb=\dimen125
\pgf@xc=\dimen126
\pgf@yc=\dimen127
\c@pgf@counta=\count109
\c@pgf@countb=\count110
\c@pgf@countc=\count111
\c@pgf@countd=\count112

("C:\Documents and Settings\Jon\Application Data\MiKTeX\2.8\tex\generic\pgf\sys
temlayer\pgf.cfg"
File: pgf.cfg 2008/01/13  (rcs-revision 1.6)
)
Package pgfsys Info: Driver file for pgf: pgfsys-pdftex.def on input line 885.

("C:\Documents and Settings\Jon\Application Data\MiKTeX\2.8\tex\generic\pgf\sys
temlayer\pgfsys-pdftex.def"
File: pgfsys-pdftex.def 2007/12/20  (rcs-revision 1.20)

("C:\Documents and Settings\Jon\Application Data\MiKTeX\2.8\tex\generic\pgf\sys
temlayer\pgfsys-common-pdf.def"
File: pgfsys-common-pdf.def 2007/12/17  (rcs-revision 1.8)
)))
("C:\Documents and Settings\Jon\Application Data\MiKTeX\2.8\tex\generic\pgf\sys
temlayer\pgfsyssoftpath.code.tex"
File: pgfsyssoftpath.code.tex 2008/01/23  (rcs-revision 1.6)
\pgfsyssoftpath@smallbuffer@items=\count113
\pgfsyssoftpath@bigbuffer@items=\count114
)
("C:\Documents and Settings\Jon\Application Data\MiKTeX\2.8\tex\generic\pgf\sys
temlayer\pgfsysprotocol.code.tex"
File: pgfsysprotocol.code.tex 2006/10/16  (rcs-revision 1.4)
))
("C:\Documents and Settings\Jon\Application Data\MiKTeX\2.8\tex\latex\xcolor\xc
olor.sty"
Package: xcolor 2007/01/21 v2.11 LaTeX color extensions (UK)
 ("C:\Program Files\MiKTeX 2.8\tex\latex\00miktex\color.cfg"
File: color.cfg 2007/01/18 v1.5 color configuration of teTeX/TeXLive
)
Package xcolor Info: Driver file: pdftex.def on input line 225.
Package xcolor Info: Model `cmy' substituted by `cmy0' on input line 1337.
Package xcolor Info: Model `hsb' substituted by `rgb' on input line 1341.
Package xcolor Info: Model `RGB' extended on input line 1353.
Package xcolor Info: Model `HTML' substituted by `rgb' on input line 1355.
Package xcolor Info: Model `Hsb' substituted by `hsb' on input line 1356.
Package xcolor Info: Model `tHsb' substituted by `hsb' on input line 1357.
Package xcolor Info: Model `HSB' substituted by `hsb' on input line 1358.
Package xcolor Info: Model `Gray' substituted by `gray' on input line 1359.
Package xcolor Info: Model `wave' substituted by `hsb' on input line 1360.
)
("C:\Documents and Settings\Jon\Application Data\MiKTeX\2.8\tex\generic\pgf\bas
iclayer\pgfcore.code.tex"
Package: pgfcore 2008/01/15 v2.00 (rcs-revision 1.6)

("C:\Documents and Settings\Jon\Application Data\MiKTeX\2.8\tex\generic\pgf\mat
h\pgfmath.code.tex"
("C:\Documents and Settings\Jon\Application Data\MiKTeX\2.8\tex\generic\pgf\mat
h\pgfmathcalc.code.tex"
("C:\Documents and Settings\Jon\Application Data\MiKTeX\2.8\tex\generic\pgf\mat
h\pgfmathutil.code.tex"
\pgfmath@box=\box30
)
("C:\Documents and Settings\Jon\Application Data\MiKTeX\2.8\tex\generic\pgf\mat
h\pgfmathparser.code.tex"
\pgfmath@stack=\toks29
\c@pgfmath@parsecounta=\count115
\c@pgfmath@parsecountb=\count116
\c@pgfmath@parsecountc=\count117
\pgfmath@parsex=\dimen128
)
("C:\Documents and Settings\Jon\Application Data\MiKTeX\2.8\tex\generic\pgf\mat
h\pgfmathoperations.code.tex"
("C:\Documents and Settings\Jon\Application Data\MiKTeX\2.8\tex\generic\pgf\mat
h\pgfmathtrig.code.tex")
("C:\Documents and Settings\Jon\Application Data\MiKTeX\2.8\tex\generic\pgf\mat
h\pgfmathrnd.code.tex"))
("C:\Documents and Settings\Jon\Application Data\MiKTeX\2.8\tex\generic\pgf\mat
h\pgfmathbase.code.tex")))
("C:\Documents and Settings\Jon\Application Data\MiKTeX\2.8\tex\generic\pgf\bas
iclayer\pgfcorepoints.code.tex"
File: pgfcorepoints.code.tex 2008/02/03  (rcs-revision 1.13)
\pgf@picminx=\dimen129
\pgf@picmaxx=\dimen130
\pgf@picminy=\dimen131
\pgf@picmaxy=\dimen132
\pgf@pathminx=\dimen133
\pgf@pathmaxx=\dimen134
\pgf@pathminy=\dimen135
\pgf@pathmaxy=\dimen136
\pgf@xx=\dimen137
\pgf@xy=\dimen138
\pgf@yx=\dimen139
\pgf@yy=\dimen140
\pgf@zx=\dimen141
\pgf@zy=\dimen142
)
("C:\Documents and Settings\Jon\Application Data\MiKTeX\2.8\tex\generic\pgf\bas
iclayer\pgfcorepathconstruct.code.tex"
File: pgfcorepathconstruct.code.tex 2008/02/13  (rcs-revision 1.14)
\pgf@path@lastx=\dimen143
\pgf@path@lasty=\dimen144
)
("C:\Documents and Settings\Jon\Application Data\MiKTeX\2.8\tex\generic\pgf\bas
iclayer\pgfcorepathusage.code.tex"
File: pgfcorepathusage.code.tex 2008/01/23  (rcs-revision 1.11)
\pgf@shorten@end@additional=\dimen145
\pgf@shorten@start@additional=\dimen146
)
("C:\Documents and Settings\Jon\Application Data\MiKTeX\2.8\tex\generic\pgf\bas
iclayer\pgfcorescopes.code.tex"
File: pgfcorescopes.code.tex 2008/01/15  (rcs-revision 1.26)
\pgfpic=\box31
\pgf@hbox=\box32
\pgf@layerbox@main=\box33
\pgf@picture@serial@count=\count118
)
("C:\Documents and Settings\Jon\Application Data\MiKTeX\2.8\tex\generic\pgf\bas
iclayer\pgfcoregraphicstate.code.tex"
File: pgfcoregraphicstate.code.tex 2007/12/12  (rcs-revision 1.8)
\pgflinewidth=\dimen147
)
("C:\Documents and Settings\Jon\Application Data\MiKTeX\2.8\tex\generic\pgf\bas
iclayer\pgfcoretransformations.code.tex"
File: pgfcoretransformations.code.tex 2008/02/04  (rcs-revision 1.10)
\pgf@pt@x=\dimen148
\pgf@pt@y=\dimen149
\pgf@pt@temp=\dimen150
)
("C:\Documents and Settings\Jon\Application Data\MiKTeX\2.8\tex\generic\pgf\bas
iclayer\pgfcorequick.code.tex"
File: pgfcorequick.code.tex 2006/10/11  (rcs-revision 1.2)
)
("C:\Documents and Settings\Jon\Application Data\MiKTeX\2.8\tex\generic\pgf\bas
iclayer\pgfcoreobjects.code.tex"
File: pgfcoreobjects.code.tex 2006/10/11  (rcs-revision 1.2)
)
("C:\Documents and Settings\Jon\Application Data\MiKTeX\2.8\tex\generic\pgf\bas
iclayer\pgfcorepathprocessing.code.tex"
File: pgfcorepathprocessing.code.tex 2008/01/23  (rcs-revision 1.7)
)
("C:\Documents and Settings\Jon\Application Data\MiKTeX\2.8\tex\generic\pgf\bas
iclayer\pgfcorearrows.code.tex"
File: pgfcorearrows.code.tex 2007/06/07  (rcs-revision 1.8)
)
("C:\Documents and Settings\Jon\Application Data\MiKTeX\2.8\tex\generic\pgf\bas
iclayer\pgfcoreshade.code.tex"
File: pgfcoreshade.code.tex 2007/12/10  (rcs-revision 1.9)
\pgf@max=\dimen151
\pgf@sys@shading@range@num=\count119
)
("C:\Documents and Settings\Jon\Application Data\MiKTeX\2.8\tex\generic\pgf\bas
iclayer\pgfcoreimage.code.tex"
File: pgfcoreimage.code.tex 2008/01/15  (rcs-revision 1.1)
\pgfexternal@startupbox=\box34
)
("C:\Documents and Settings\Jon\Application Data\MiKTeX\2.8\tex\generic\pgf\bas
iclayer\pgfcorelayers.code.tex"
File: pgfcorelayers.code.tex 2008/01/15  (rcs-revision 1.1)
)
("C:\Documents and Settings\Jon\Application Data\MiKTeX\2.8\tex\generic\pgf\bas
iclayer\pgfcoretransparency.code.tex"
File: pgfcoretransparency.code.tex 2008/01/17  (rcs-revision 1.2)
)
("C:\Documents and Settings\Jon\Application Data\MiKTeX\2.8\tex\generic\pgf\bas
iclayer\pgfcorepatterns.code.tex"
File: pgfcorepatterns.code.tex 2008/01/15  (rcs-revision 1.1)
)))
("C:\Documents and Settings\Jon\Application Data\MiKTeX\2.8\tex\generic\pgf\mod
ules\pgfmoduleshapes.code.tex"
File: pgfmoduleshapes.code.tex 2008/02/13  (rcs-revision 1.4)
\pgfnodeparttextbox=\box35
\toks@savedmacro=\toks30
)
("C:\Documents and Settings\Jon\Application Data\MiKTeX\2.8\tex\generic\pgf\mod
ules\pgfmoduleplot.code.tex"
File: pgfmoduleplot.code.tex 2008/01/15  (rcs-revision 1.1)
\pgf@plotwrite=\write3
)
("C:\Documents and Settings\Jon\Application Data\MiKTeX\2.8\tex\latex\pgf\compa
tibility\pgfcomp-version-0-65.sty"
Package: pgfcomp-version-0-65 2007/07/03 v2.00 (rcs-revision 1.7)
\pgf@nodesepstart=\dimen152
\pgf@nodesepend=\dimen153
)
("C:\Documents and Settings\Jon\Application Data\MiKTeX\2.8\tex\latex\pgf\compa
tibility\pgfcomp-version-1-18.sty"
Package: pgfcomp-version-1-18 2007/07/23 v2.00 (rcs-revision 1.1)
))
("C:\Documents and Settings\Jon\Application Data\MiKTeX\2.8\tex\latex\pgf\utili
ties\pgffor.sty"
("C:\Documents and Settings\Jon\Application Data\MiKTeX\2.8\tex\generic\pgf\uti
lities\pgffor.code.tex"
Package: pgffor 2007/11/07 v2.00 (rcs-revision 1.8)
\pgffor@iter=\dimen154
\pgffor@skip=\dimen155
))
("C:\Documents and Settings\Jon\Application Data\MiKTeX\2.8\tex\generic\pgf\fro
ntendlayer\tikz\tikz.code.tex"
Package: tikz 2008/02/13 v2.00 (rcs-revision 1.27)

("C:\Documents and Settings\Jon\Application Data\MiKTeX\2.8\tex\generic\pgf\lib
raries\pgflibraryplothandlers.code.tex"
File: pgflibraryplothandlers.code.tex 2007/03/09 v2.00 (rcs-revision 1.9)
\pgf@plot@mark@count=\count120
\pgfplotmarksize=\dimen156
)
\tikz@lastx=\dimen157
\tikz@lasty=\dimen158
\tikz@lastxsaved=\dimen159
\tikz@lastysaved=\dimen160
\tikzleveldistance=\dimen161
\tikzsiblingdistance=\dimen162
\tikz@figbox=\box36
\tikz@tempbox=\box37
\tikztreelevel=\count121
\tikznumberofchildren=\count122
\tikznumberofcurrentchild=\count123
\tikz@fig@count=\count124

("C:\Documents and Settings\Jon\Application Data\MiKTeX\2.8\tex\generic\pgf\mod
ules\pgfmodulematrix.code.tex"
File: pgfmodulematrix.code.tex 2008/01/15  (rcs-revision 1.1)
\pgfmatrixcurrentrow=\count125
\pgfmatrixcurrentcolumn=\count126
\pgf@matrix@numberofcolumns=\count127
)
\tikz@expandcount=\count128

("C:\Documents and Settings\Jon\Application Data\MiKTeX\2.8\tex\generic\pgf\fro
ntendlayer\tikz\libraries\tikzlibrarytopaths.code.tex"
File: tikzlibrarytopaths.code.tex 2008/01/09 v2.00 (rcs-revision 1.1)
)))
("C:\Documents and Settings\Jon\Application Data\MiKTeX\2.8\tex\latex\tkz-tab\t
kz-tab.sty"
Package: tkz-tab 2009/02/21 v1.0c variations (ctan version) 
 ("C:\Program Files\MiKTeX 2.8\tex\latex\misc\etex.sty"
Package: etex 1998/03/26 v2.0 eTeX basic definition package (PEB)
\et@xins=\count129
)
("C:\Program Files\MiKTeX 2.8\tex\latex\base\ifthen.sty"
Package: ifthen 2001/05/26 v1.1c Standard LaTeX ifthen package (DPC)
)
("C:\Program Files\MiKTeX 2.8\tex\latex\xkeyval\xkeyval.sty"
Package: xkeyval 2008/08/13 v2.6a package option processing (HA)

("C:\Program Files\MiKTeX 2.8\tex\generic\xkeyval\xkeyval.tex"
\XKV@toks=\toks31
\XKV@tempa@toks=\toks32
\XKV@depth=\count130
File: xkeyval.tex 2008/08/13 v2.6a key=value parser (HA)
))
("C:\Documents and Settings\Jon\Application Data\MiKTeX\2.8\tex\generic\pgf\fro
ntendlayer\tikz\libraries\tikzlibraryarrows.code.tex"
File: tikzlibraryarrows.code.tex 2008/01/09 v2.00 (rcs-revision 1.1)

("C:\Documents and Settings\Jon\Application Data\MiKTeX\2.8\tex\generic\pgf\lib
raries\pgflibraryarrows.code.tex"
File: pgflibraryarrows.code.tex 2007/06/07 v2.00 (rcs-revision 1.7)
))
("C:\Documents and Settings\Jon\Application Data\MiKTeX\2.8\tex\generic\pgf\fro
ntendlayer\tikz\libraries\tikzlibrarypatterns.code.tex"
File: tikzlibrarypatterns.code.tex 2008/01/15 v2.00 (rcs-revision 1.2)

("C:\Documents and Settings\Jon\Application Data\MiKTeX\2.8\tex\generic\pgf\lib
raries\pgflibrarypatterns.code.tex"
File: pgflibrarypatterns.code.tex 2008/01/15 v2.00 (rcs-revision 1.12)
))
\tkz@XF=\dimen163
\tkz@YF=\dimen164
\c@tkz@cnt@line=\count131
\c@tkz@cnt@lg=\count132
\c@tkz@cnt@cl=\count133
\c@tkz@cnt@pred=\count134
\c@tkz@cnt@temp=\count135
\c@tkz@cnt@arrow=\count136
\c@tkz@cnt@zone=\count137
\c@tkz@cnt@lgnext=\count138
\c@tkz@cnt@clnext=\count139
\c@tkz@cnt@pair=\count140
\c@tkz@cnt@impair=\count141
\c@tkz@cnt@aw=\count142
)
("C:\Documents and Settings\Jon\Application Data\MiKTeX\2.8\tex\generic\pgf\fro
ntendlayer\tikz\libraries\tikzlibrarydecorations.pathmorphing.code.tex"
("C:\Documents and Settings\Jon\Application Data\MiKTeX\2.8\tex\generic\pgf\fro
ntendlayer\tikz\libraries\tikzlibrarydecorations.code.tex"
("C:\Documents and Settings\Jon\Application Data\MiKTeX\2.8\tex\generic\pgf\mod
ules\pgfmoduledecorations.code.tex"
\pgfdecoratedcompleteddistance=\dimen165
\pgfdecoratedremainingdistance=\dimen166
\pgfdecoratedinputsegmentcompleteddistance=\dimen167
\pgfdecoratedinputsegmentremainingdistance=\dimen168
\pgf@decorate@distancetomove=\dimen169
\pgf@decorate@repeatstate=\count143
\pgfdecorationsegmentamplitude=\dimen170
\pgfdecorationsegmentlength=\dimen171
))
("C:\Documents and Settings\Jon\Application Data\MiKTeX\2.8\tex\generic\pgf\lib
raries\pgflibrarydecorations.pathmorphing.code.tex"))
("C:\Documents and Settings\Jon\Application Data\MiKTeX\2.8\tex\generic\pgf\fro
ntendlayer\tikz\libraries\tikzlibrarydecorations.pathreplacing.code.tex"
("C:\Documents and Settings\Jon\Application Data\MiKTeX\2.8\tex\generic\pgf\lib
raries\pgflibrarydecorations.pathreplacing.code.tex"))
("C:\Documents and Settings\Jon\Application Data\MiKTeX\2.8\tex\generic\pgf\fro
ntendlayer\tikz\libraries\tikzlibraryshapes.code.tex"
File: tikzlibraryshapes.code.tex 2008/01/09 v2.00 (rcs-revision 1.1)

("C:\Documents and Settings\Jon\Application Data\MiKTeX\2.8\tex\generic\pgf\fro
ntendlayer\tikz\libraries\tikzlibraryshapes.geometric.code.tex"
File: tikzlibraryshapes.geometric.code.tex 2008/01/09 v2.00 (rcs-revision 1.1)

("C:\Documents and Settings\Jon\Application Data\MiKTeX\2.8\tex\generic\pgf\lib
raries\pgflibraryshapes.geometric.code.tex"
File: pgflibraryshapes.geometric.code.tex 2008/02/01 v2.00 (rcs-revision 1.22)
))
("C:\Documents and Settings\Jon\Application Data\MiKTeX\2.8\tex\generic\pgf\fro
ntendlayer\tikz\libraries\tikzlibraryshapes.misc.code.tex"
File: tikzlibraryshapes.misc.code.tex 2008/01/09 v2.00 (rcs-revision 1.1)

("C:\Documents and Settings\Jon\Application Data\MiKTeX\2.8\tex\generic\pgf\lib
raries\pgflibraryshapes.misc.code.tex"
File: pgflibraryshapes.misc.code.tex 2008/02/12 v2.00 (rcs-revision 1.10)
))
("C:\Documents and Settings\Jon\Application Data\MiKTeX\2.8\tex\generic\pgf\fro
ntendlayer\tikz\libraries\tikzlibraryshapes.symbols.code.tex"
File: tikzlibraryshapes.symbols.code.tex 2008/01/09 v2.00 (rcs-revision 1.1)

("C:\Documents and Settings\Jon\Application Data\MiKTeX\2.8\tex\generic\pgf\lib
raries\pgflibraryshapes.symbols.code.tex"
File: pgflibraryshapes.symbols.code.tex 2008/01/30 v2.00 (rcs-revision 1.13)
))
("C:\Documents and Settings\Jon\Application Data\MiKTeX\2.8\tex\generic\pgf\fro
ntendlayer\tikz\libraries\tikzlibraryshapes.arrows.code.tex"
File: tikzlibraryshapes.arrows.code.tex 2008/01/09 v2.00 (rcs-revision 1.1)

("C:\Documents and Settings\Jon\Application Data\MiKTeX\2.8\tex\generic\pgf\lib
raries\pgflibraryshapes.arrows.code.tex"
File: pgflibraryshapes.arrows.code.tex 2007/11/10 v2.00 (rcs-revision 1.3)
))
("C:\Documents and Settings\Jon\Application Data\MiKTeX\2.8\tex\generic\pgf\fro
ntendlayer\tikz\libraries\tikzlibraryshapes.callouts.code.tex"
("C:\Documents and Settings\Jon\Application Data\MiKTeX\2.8\tex\generic\pgf\lib
raries\pgflibraryshapes.callouts.code.tex"))
("C:\Documents and Settings\Jon\Application Data\MiKTeX\2.8\tex\generic\pgf\fro
ntendlayer\tikz\libraries\tikzlibraryshapes.multipart.code.tex"
File: tikzlibraryshapes.multipart.code.tex 2008/01/09 v2.00 (rcs-revision 1.1)

("C:\Documents and Settings\Jon\Application Data\MiKTeX\2.8\tex\generic\pgf\lib
raries\pgflibraryshapes.multipart.code.tex"
File: pgflibraryshapes.multipart.code.tex 2008/01/15 v2.00 (rcs-revision 1.7)
\pgfnodepartlowerbox=\box38
\pgfnodepartsecondbox=\box39
\pgfnodepartthirdbox=\box40
\pgfnodepartfourthbox=\box41
)))
("C:\Documents and Settings\Jon\Application Data\MiKTeX\2.8\tex\latex\rotating\
rotating.sty"
Package: rotating 2009/03/28 v2.16a rotated objects in LaTeX
\c@r@tfl@t=\count144
\rotFPtop=\skip49
\rotFPbot=\skip50
\rot@float@box=\box42
\rot@mess@toks=\toks33
)
("C:\Documents and Settings\Jon\Application Data\MiKTeX\2.8\tex\latex\subfigure
\subfigure.sty"
Package: subfigure 2002/07/30 v2.1.4 subfigure package
\subfigtopskip=\skip51
\subfigcapskip=\skip52
\subfigcaptopadj=\dimen172
\subfigbottomskip=\skip53
\subfigcapmargin=\dimen173
\subfiglabelskip=\skip54
\c@subfigure=\count145
\c@lofdepth=\count146
\c@subtable=\count147
\c@lotdepth=\count148

****************************************
* Local config file subfigure.cfg used *
****************************************

("C:\Documents and Settings\Jon\Application Data\MiKTeX\2.8\tex\latex\subfigure
\subfigure.cfg")
\subfig@top=\skip55
\subfig@bottom=\skip56
) ("C:\Program Files\MiKTeX 2.8\tex\latex\oberdiek\epstopdf.sty"
Package: epstopdf 2009/07/16 v2.2 Conversion with epstopdf on the fly (HO)
 ("C:\Program Files\MiKTeX 2.8\tex\latex\oberdiek\epstopdf-base.sty"
Package: epstopdf-base 2009/07/16 v2.2 Base part for package epstopdf

("C:\Program Files\MiKTeX 2.8\tex\latex\oberdiek\grfext.sty"
Package: grfext 2007/09/30 v1.0 Managing graphics extensions (HO)
)
Package grfext Info: Graphics extension search list:
(grfext)             [.png,.pdf,.jpg,.mps,.jpeg,.jbig2,.jb2,.PNG,.PDF,.JPG,.JPE
G,.JBIG2,.JB2,.eps]
(grfext)             \AppendGraphicsExtensions on input line 429.
))
("C:\Documents and Settings\Jon\My Documents\Prosjekt\solcelle\Latex_filer\Late
x_filer.aux")
LaTeX Font Info:    Checking defaults for OML/cmm/m/it on input line 33.
LaTeX Font Info:    ... okay on input line 33.
LaTeX Font Info:    Checking defaults for T1/cmr/m/n on input line 33.
LaTeX Font Info:    ... okay on input line 33.
LaTeX Font Info:    Checking defaults for OT1/cmr/m/n on input line 33.
LaTeX Font Info:    ... okay on input line 33.
LaTeX Font Info:    Checking defaults for OMS/cmsy/m/n on input line 33.
LaTeX Font Info:    ... okay on input line 33.
LaTeX Font Info:    Checking defaults for OMX/cmex/m/n on input line 33.
LaTeX Font Info:    ... okay on input line 33.
LaTeX Font Info:    Checking defaults for U/cmr/m/n on input line 33.
LaTeX Font Info:    ... okay on input line 33.
LaTeX Font Info:    Checking defaults for TS1/cmr/m/n on input line 33.
LaTeX Font Info:    Try loading font information for TS1+cmr on input line 33.
 ("C:\Program Files\MiKTeX 2.8\tex\latex\base\ts1cmr.fd"
File: ts1cmr.fd 1999/05/25 v2.5h Standard LaTeX font definitions
)
LaTeX Font Info:    ... okay on input line 33.
LaTeX Font Info:    Checking defaults for PD1/pdf/m/n on input line 33.
LaTeX Font Info:    ... okay on input line 33.

("C:\Program Files\MiKTeX 2.8\tex\context\base\supp-pdf.tex"
[Loading MPS to PDF converter (version 2006.09.02).]
\scratchcounter=\count149
\scratchdimen=\dimen174
\scratchbox=\box43
\nofMPsegments=\count150
\nofMParguments=\count151
\everyMPshowfont=\toks34
\MPscratchCnt=\count152
\MPscratchDim=\dimen175
\MPnumerator=\count153
\everyMPtoPDFconversion=\toks35
)
Option `amssymb' provided! 
 Command \square redefined by SIunits package!

Package hyperref Info: Link coloring OFF on input line 33.
("C:\Program Files\MiKTeX 2.8\tex\latex\hyperref\nameref.sty"
Package: nameref 2007/05/29 v2.31 Cross-referencing by name of section

("C:\Program Files\MiKTeX 2.8\tex\latex\oberdiek\refcount.sty"
Package: refcount 2008/08/11 v3.1 Data extraction from references (HO)
)
\c@section@level=\count154
)
LaTeX Info: Redefining \ref on input line 33.
LaTeX Info: Redefining \pageref on input line 33.

("C:\Documents and Settings\Jon\My Documents\Prosjekt\solcelle\Latex_filer\Late
x_filer.out")
("C:\Documents and Settings\Jon\My Documents\Prosjekt\solcelle\Latex_filer\Late
x_filer.out")
\@outlinefile=\write4
\AtBeginShipoutBox=\box44
LaTeX Font Info:    Try loading font information for U+msa on input line 38.
 ("C:\Program Files\MiKTeX 2.8\tex\latex\amsfonts\umsa.fd"
File: umsa.fd 2009/06/22 v3.00 AMS symbols A
)
LaTeX Font Info:    Try loading font information for U+msb on input line 38.

("C:\Program Files\MiKTeX 2.8\tex\latex\amsfonts\umsb.fd"
File: umsb.fd 2009/06/22 v3.00 AMS symbols B
) [1

{C:/Documents and Settings/Jon/Local Settings/Application Data/MiKTeX/2.8/pdfte
x/config/pdftex.map}]
("C:\Documents and Settings\Jon\My Documents\Prosjekt\solcelle\Latex_filer\samm
endrag.tex") [1]
("C:\Documents and Settings\Jon\My Documents\Prosjekt\solcelle\Latex_filer\Late
x_filer.toc")
\tf@toc=\write5
 [2

]
("C:\Documents and Settings\Jon\My Documents\Prosjekt\solcelle\Latex_filer\Late
x_filer.lof"
Overfull \hbox (2.32707pt too wide) in paragraph at lines 19--19
 [][] [][]\T1/cmr/m/n/10.95 Eksitert lys sendt gjen-nom laboppsett brukt på tid
ligere målinger[] [][]  
 []

[3

])
\tf@lof=\write6
 [4]
("C:\Documents and Settings\Jon\My Documents\Prosjekt\solcelle\Latex_filer\intr
oduksjon.tex" <./bilder/energiemix_no.png, id=334, 907.39pt x 558.085pt>
File: ./bilder/energiemix_no.png Graphic file (type png)

<use ./bilder/energiemix_no.png>pdfTeX warning (ext4): destination with the sam
e identifier (name{page.1}) has been already used, duplicate ignored
<to be read again> 
                   \relax 
l.20 
      [1

 <C:/Documents and Settings/Jon/My Documents/Prosjekt/solcelle/Latex_filer/bild
er/energiemix_no.png>]
<bilder/cryolabtap.png, id=342, 333.245pt x 275.0275pt>
File: bilder/cryolabtap.png Graphic file (type png)

<use bilder/cryolabtap.png>
<./bilder/dlinjerjakt.png, id=343, 427.5975pt x 345.29pt>
File: ./bilder/dlinjerjakt.png Graphic file (type png)

<use ./bilder/dlinjerjakt.png> [2 <C:/Documents and Settings/Jon/My Documents/P
rosjekt/solcelle/Latex_filer/bilder/cryolabtap.png (PNG copy)>]) [3 <C:/Documen
ts and Settings/Jon/My Documents/Prosjekt/solcelle/Latex_filer/bilder/dlinjerja
kt.png (PNG copy)>]
("C:\Documents and Settings\Jon\My Documents\Prosjekt\solcelle\Latex_filer\solc
elle_teori.tex" [4

] [5] [6]
Overfull \hbox (7.54541pt too wide) in paragraph at lines 130--131
\T1/cmr/m/n/10.95 Det er to mekanis-mer som bidrar til trans-port av elek-trone
r og hull i halvledere:
 []


Overfull \hbox (44.36595pt too wide) in paragraph at lines 195--195
[]\T1/cmr/m/n/10.95 Ledningsbånd  
 []


Overfull \hbox (32.72105pt too wide) in paragraph at lines 196--196
[]\T1/cmr/m/n/10.95 Valensbånd  
 []

[7] <./bilder/fononassistert.png, id=402, 798.985pt x 510.90875pt>
File: ./bilder/fononassistert.png Graphic file (type png)

<use ./bilder/fononassistert.png> [8 <C:/Documents and Settings/Jon/My Document
s/Prosjekt/solcelle/Latex_filer/bilder/fononassistert.png>]
Overfull \hbox (6.42833pt too wide) in paragraph at lines 248--249
\T1/cmr/m/n/10.95 være den tiden elek-troner er i led-nings-bån-det før det rek
om-biner-er. Tilsvarende
 []

)
("C:\Documents and Settings\Jon\My Documents\Prosjekt\solcelle\Latex_filer\solc
elle_teori_inhomogene_halvledere.tex" [9] [10])
("C:\Documents and Settings\Jon\My Documents\Prosjekt\solcelle\Latex_filer\spek
troskopi.tex" [11]
<./bilder/luminisence.png, id=435, 307.1475pt x 265.99374pt>
File: ./bilder/luminisence.png Graphic file (type png)

<use ./bilder/luminisence.png> [12 <C:/Documents and Settings/Jon/My Documents/
Prosjekt/solcelle/Latex_filer/bilder/luminisence.png>] [13]
<./bilder/intrinsikk_silisium.png, id=458, 697.60625pt x 501.875pt>
File: ./bilder/intrinsikk_silisium.png Graphic file (type png)

<use ./bilder/intrinsikk_silisium.png> [14 <C:/Documents and Settings/Jon/My Do
cuments/Prosjekt/solcelle/Latex_filer/bilder/intrinsikk_silisium.png (PNG copy)
>] <./bilder/dislokasjonslinjer_tarasov00.png, id=478, 513.92pt x 298.11375pt>
File: ./bilder/dislokasjonslinjer_tarasov00.png Graphic file (type png)

<use ./bilder/dislokasjonslinjer_tarasov00.png>) [15 <C:/Documents and Settings
/Jon/My Documents/Prosjekt/solcelle/Latex_filer/bilder/dislokasjonslinjer_taras
ov00.png (PNG copy)>]
("C:\Documents and Settings\Jon\My Documents\Prosjekt\solcelle\Latex_filer\maal
emetode.tex"
<./bilder/laboppsett_gammelt.png, id=505, 798.985pt x 579.16376pt>
File: ./bilder/laboppsett_gammelt.png Graphic file (type png)

<use ./bilder/laboppsett_gammelt.png>
Underfull \hbox (badness 10000) in paragraph at lines 24--24
[]|\T1/cmr/m/n/10.95 Nummer
 []


Underfull \hbox (badness 10000) in paragraph at lines 26--26
[]|\T1/cmr/m/n/10.95 Janis Re-
 []


Underfull \hbox (badness 10000) in paragraph at lines 32--32
[]|\T1/cmr/m/n/10.95 ACN127-
 []


Underfull \hbox (badness 10000) in paragraph at lines 36--36
[]|\T1/cmr/m/n/10.95 iHR550
 []


Underfull \hbox (badness 10000) in paragraph at lines 36--36
\T1/cmr/m/n/10.95 Imag-ing
 []


Underfull \hbox (badness 10000) in paragraph at lines 36--36
\T1/cmr/m/n/10.95 Spec-trom-e-
 []


Underfull \hbox (badness 10000) in paragraph at lines 36--36
[]|\T1/cmr/m/n/10.95 Horiba Sci-
 []


Underfull \hbox (badness 10000) in paragraph at lines 38--38
[]|\T1/cmr/m/n/10.95 InGaAs
 []


Underfull \hbox (badness 10000) in paragraph at lines 38--38
\T1/cmr/m/n/10.95 Spec-troscopy
 []


Overfull \hbox (13.29733pt too wide) in paragraph at lines 22--41
 [][] 
 []

[16


 <C:/Documents and Settings/Jon/My Documents/Prosjekt/solcelle/Latex_filer/bild
er/laboppsett_gammelt.png>] [17]
<./bilder/laboppsett_nytt.png, id=532, 397.485pt x 579.16376pt>
File: ./bilder/laboppsett_nytt.png Graphic file (type png)

<use ./bilder/laboppsett_nytt.png>
Underfull \hbox (badness 10000) in paragraph at lines 73--73
[]|\T1/cmr/m/n/10.95 Nummer
 []


Overfull \hbox (19.57901pt too wide) in paragraph at lines 71--86
 [][] 
 []

[18 <C:/Documents and Settings/Jon/My Documents/Prosjekt/solcelle/Latex_filer/b
ilder/laboppsett_nytt.png>]
<./bilder/erbium_absorbsjon.png, id=553, 418.56375pt x 266.9975pt>
File: ./bilder/erbium_absorbsjon.png Graphic file (type png)

<use ./bilder/erbium_absorbsjon.png>
<./bilder/erbium_emisjon.png, id=554, 354.32375pt x 282.05376pt>
File: ./bilder/erbium_emisjon.png Graphic file (type png)

<use ./bilder/erbium_emisjon.png> [19 <C:/Documents and Settings/Jon/My Documen
ts/Prosjekt/solcelle/Latex_filer/bilder/erbium_absorbsjon.png (PNG copy)>]
[20 <C:/Documents and Settings/Jon/My Documents/Prosjekt/solcelle/Latex_filer/b
ilder/erbium_emisjon.png (PNG copy)>]) [21] [22]
("C:\Documents and Settings\Jon\My Documents\Prosjekt\solcelle\Latex_filer\resu
ltater.tex"
Package epstopdf Info: Source file: <./bilder/Erbium_gammel.eps>
(epstopdf)                    date: 2009-12-17 13:38:31
(epstopdf)                    size: 16904 bytes
(epstopdf)             Output file: <./bilder/Erbium_gammel-eps-converted-to.pd
f>
(epstopdf)                    date: 2009-12-17 17:26:55
(epstopdf)                    size: 8847 bytes
(epstopdf)             Command: <epstopdf --outfile=./bilder/Erbium_gammel-eps-
converted-to.pdf ./bilder/Erbium_gammel.eps>
(epstopdf)             \includegraphics on input line 12.
Package epstopdf Info: Output file is already uptodate.

<./bilder/Erbium_gammel-eps-converted-to.pdf, id=587, 524.96124pt x 401.5pt>
File: ./bilder/Erbium_gammel-eps-converted-to.pdf Graphic file (type pdf)

<use ./bilder/Erbium_gammel-eps-converted-to.pdf>
Package epstopdf Info: Source file: <./bilder/Erbium_ny.eps>
(epstopdf)                    date: 2009-12-17 13:38:31
(epstopdf)                    size: 39616 bytes
(epstopdf)             Output file: <./bilder/Erbium_ny-eps-converted-to.pdf>
(epstopdf)                    date: 2009-12-17 17:26:56
(epstopdf)                    size: 25200 bytes
(epstopdf)             Command: <epstopdf --outfile=./bilder/Erbium_ny-eps-conv
erted-to.pdf ./bilder/Erbium_ny.eps>
(epstopdf)             \includegraphics on input line 19.
Package epstopdf Info: Output file is already uptodate.

<./bilder/Erbium_ny-eps-converted-to.pdf, id=588, 513.92pt x 415.5525pt>
File: ./bilder/Erbium_ny-eps-converted-to.pdf Graphic file (type pdf)

<use ./bilder/Erbium_ny-eps-converted-to.pdf> [23

 <C:/Documents and Settings/Jon/My Documents/Prosjekt/solcelle/Latex_filer/bild
er/Erbium_gammel-eps-converted-to.pdf>]
Package epstopdf Info: Source file: <./bilder/Polert_300K.eps>
(epstopdf)                    date: 2009-12-17 13:38:32
(epstopdf)                    size: 48587 bytes
(epstopdf)             Output file: <./bilder/Polert_300K-eps-converted-to.pdf>

(epstopdf)                    date: 2009-12-17 17:26:56
(epstopdf)                    size: 25711 bytes
(epstopdf)             Command: <epstopdf --outfile=./bilder/Polert_300K-eps-co
nverted-to.pdf ./bilder/Polert_300K.eps>
(epstopdf)             \includegraphics on input line 35.
Package epstopdf Info: Output file is already uptodate.

<./bilder/Polert_300K-eps-converted-to.pdf, id=604, 518.93875pt x 401.5pt>
File: ./bilder/Polert_300K-eps-converted-to.pdf Graphic file (type pdf)

<use ./bilder/Polert_300K-eps-converted-to.pdf> [24 <C:/Documents and Settings/
Jon/My Documents/Prosjekt/solcelle/Latex_filer/bilder/Erbium_ny-eps-converted-t
o.pdf>]
Package epstopdf Info: Source file: <./bilder/Upolert_300K.eps>
(epstopdf)                    date: 2009-12-17 13:38:32
(epstopdf)                    size: 48507 bytes
(epstopdf)             Output file: <./bilder/Upolert_300K-eps-converted-to.pdf
>
(epstopdf)                    date: 2009-12-17 17:26:57
(epstopdf)                    size: 26169 bytes
(epstopdf)             Command: <epstopdf --outfile=./bilder/Upolert_300K-eps-c
onverted-to.pdf ./bilder/Upolert_300K.eps>
(epstopdf)             \includegraphics on input line 42.
Package epstopdf Info: Output file is already uptodate.

<./bilder/Upolert_300K-eps-converted-to.pdf, id=613, 518.93875pt x 401.5pt>
File: ./bilder/Upolert_300K-eps-converted-to.pdf Graphic file (type pdf)

<use ./bilder/Upolert_300K-eps-converted-to.pdf>
Package epstopdf Info: Source file: <./bilder/Sample_4_romtemp_bad.eps>
(epstopdf)                    date: 2009-12-13 12:34:11
(epstopdf)                    size: 31042 bytes
(epstopdf)             Output file: <./bilder/Sample_4_romtemp_bad-eps-converte
d-to.pdf>
(epstopdf)                    date: 2009-12-13 12:59:33
(epstopdf)                    size: 16401 bytes
(epstopdf)             Command: <epstopdf --outfile=./bilder/Sample_4_romtemp_b
ad-eps-converted-to.pdf ./bilder/Sample_4_romtemp_bad.eps>
(epstopdf)             \includegraphics on input line 51.
Package epstopdf Info: Output file is already uptodate.

<./bilder/Sample_4_romtemp_bad-eps-converted-to.pdf, id=614, 507.8975pt x 415.5
525pt>
File: ./bilder/Sample_4_romtemp_bad-eps-converted-to.pdf Graphic file (type pdf
)
 <use ./bilder/Sample_4_romtemp_bad-eps-converted-to.pdf> [25 <C:/Documents and
 Settings/Jon/My Documents/Prosjekt/solcelle/Latex_filer/bilder/Polert_300K-eps
-converted-to.pdf> <C:/Documents and Settings/Jon/My Documents/Prosjekt/solcell
e/Latex_filer/bilder/Upolert_300K-eps-converted-to.pdf>]
Package epstopdf Info: Source file: <./bilder/Sample_4_romtemp_good.eps>
(epstopdf)                    date: 2009-12-13 12:34:11
(epstopdf)                    size: 16971 bytes
(epstopdf)             Output file: <./bilder/Sample_4_romtemp_good-eps-convert
ed-to.pdf>
(epstopdf)                    date: 2009-12-13 12:59:34
(epstopdf)                    size: 8776 bytes
(epstopdf)             Command: <epstopdf --outfile=./bilder/Sample_4_romtemp_g
ood-eps-converted-to.pdf ./bilder/Sample_4_romtemp_good.eps>
(epstopdf)             \includegraphics on input line 60.
Package epstopdf Info: Output file is already uptodate.

<./bilder/Sample_4_romtemp_good-eps-converted-to.pdf, id=626, 499.8675pt x 415.
5525pt>
File: ./bilder/Sample_4_romtemp_good-eps-converted-to.pdf Graphic file (type pd
f)
 <use ./bilder/Sample_4_romtemp_good-eps-converted-to.pdf> [26 <C:/Documents an
d Settings/Jon/My Documents/Prosjekt/solcelle/Latex_filer/bilder/Sample_4_romte
mp_bad-eps-converted-to.pdf>]
Package epstopdf Info: Source file: <./bilder/Sample_4.eps>
(epstopdf)                    date: 2009-12-17 13:38:33
(epstopdf)                    size: 50445 bytes
(epstopdf)             Output file: <./bilder/Sample_4-eps-converted-to.pdf>
(epstopdf)                    date: 2009-12-17 17:26:58
(epstopdf)                    size: 27997 bytes
(epstopdf)             Command: <epstopdf --outfile=./bilder/Sample_4-eps-conve
rted-to.pdf ./bilder/Sample_4.eps>
(epstopdf)             \includegraphics on input line 73.
Package epstopdf Info: Output file is already uptodate.

<./bilder/Sample_4-eps-converted-to.pdf, id=636, 507.8975pt x 415.5525pt>
File: ./bilder/Sample_4-eps-converted-to.pdf Graphic file (type pdf)

<use ./bilder/Sample_4-eps-converted-to.pdf> [27 <C:/Documents and Settings/Jon
/My Documents/Prosjekt/solcelle/Latex_filer/bilder/Sample_4_romtemp_good-eps-co
nverted-to.pdf>]
Package epstopdf Info: Source file: <./bilder/Sample_4_1.eps>
(epstopdf)                    date: 2009-12-17 13:38:33
(epstopdf)                    size: 43941 bytes
(epstopdf)             Output file: <./bilder/Sample_4_1-eps-converted-to.pdf>
(epstopdf)                    date: 2009-12-17 17:26:58
(epstopdf)                    size: 23743 bytes
(epstopdf)             Command: <epstopdf --outfile=./bilder/Sample_4_1-eps-con
verted-to.pdf ./bilder/Sample_4_1.eps>
(epstopdf)             \includegraphics on input line 81.
Package epstopdf Info: Output file is already uptodate.

<./bilder/Sample_4_1-eps-converted-to.pdf, id=644, 507.8975pt x 415.5525pt>
File: ./bilder/Sample_4_1-eps-converted-to.pdf Graphic file (type pdf)

<use ./bilder/Sample_4_1-eps-converted-to.pdf>
Package epstopdf Info: Source file: <./bilder/Sample_4_2_1.eps>
(epstopdf)                    date: 2009-12-17 13:38:33
(epstopdf)                    size: 50062 bytes
(epstopdf)             Output file: <./bilder/Sample_4_2_1-eps-converted-to.pdf
>
(epstopdf)                    date: 2009-12-17 17:26:59
(epstopdf)                    size: 26522 bytes
(epstopdf)             Command: <epstopdf --outfile=./bilder/Sample_4_2_1-eps-c
onverted-to.pdf ./bilder/Sample_4_2_1.eps>
(epstopdf)             \includegraphics on input line 91.
Package epstopdf Info: Output file is already uptodate.

<./bilder/Sample_4_2_1-eps-converted-to.pdf, id=647, 507.8975pt x 415.5525pt>
File: ./bilder/Sample_4_2_1-eps-converted-to.pdf Graphic file (type pdf)

<use ./bilder/Sample_4_2_1-eps-converted-to.pdf> [28 <C:/Documents and Settings
/Jon/My Documents/Prosjekt/solcelle/Latex_filer/bilder/Sample_4-eps-converted-t
o.pdf> <C:/Documents and Settings/Jon/My Documents/Prosjekt/solcelle/Latex_file
r/bilder/Sample_4_1-eps-converted-to.pdf>]
Package epstopdf Info: Source file: <./bilder/Sample_4_2_2.eps>
(epstopdf)                    date: 2009-12-17 13:38:34
(epstopdf)                    size: 50218 bytes
(epstopdf)             Output file: <./bilder/Sample_4_2_2-eps-converted-to.pdf
>
(epstopdf)                    date: 2009-12-17 17:26:59
(epstopdf)                    size: 26343 bytes
(epstopdf)             Command: <epstopdf --outfile=./bilder/Sample_4_2_2-eps-c
onverted-to.pdf ./bilder/Sample_4_2_2.eps>
(epstopdf)             \includegraphics on input line 98.
Package epstopdf Info: Output file is already uptodate.

<./bilder/Sample_4_2_2-eps-converted-to.pdf, id=658, 507.8975pt x 415.5525pt>
File: ./bilder/Sample_4_2_2-eps-converted-to.pdf Graphic file (type pdf)

<use ./bilder/Sample_4_2_2-eps-converted-to.pdf> [29 <C:/Documents and Settings
/Jon/My Documents/Prosjekt/solcelle/Latex_filer/bilder/Sample_4_2_1-eps-convert
ed-to.pdf> <C:/Documents and Settings/Jon/My Documents/Prosjekt/solcelle/Latex_
filer/bilder/Sample_4_2_2-eps-converted-to.pdf>]
Package epstopdf Info: Source file: <./bilder/Posisjonsavhengighet.eps>
(epstopdf)                    date: 2009-12-17 13:38:34
(epstopdf)                    size: 89275 bytes
(epstopdf)             Output file: <./bilder/Posisjonsavhengighet-eps-converte
d-to.pdf>
(epstopdf)                    date: 2009-12-17 17:27:00
(epstopdf)                    size: 51697 bytes
(epstopdf)             Command: <epstopdf --outfile=./bilder/Posisjonsavhengigh
et-eps-converted-to.pdf ./bilder/Posisjonsavhengighet.eps>
(epstopdf)             \includegraphics on input line 109.
Package epstopdf Info: Output file is already uptodate.

<./bilder/Posisjonsavhengighet-eps-converted-to.pdf, id=671, 522.95375pt x 401.
5pt>
File: ./bilder/Posisjonsavhengighet-eps-converted-to.pdf Graphic file (type pdf
)
 <use ./bilder/Posisjonsavhengighet-eps-converted-to.pdf>
<./bilder/sample_4_edited.png, id=673, 1162.3425pt x 496.85625pt>
File: ./bilder/sample_4_edited.png Graphic file (type png)

<use ./bilder/sample_4_edited.png>
Overfull \hbox (66.79134pt too wide) in paragraph at lines 120--121
 [][] 
 []

Package epstopdf Info: Source file: <./bilder/Sample_4_SPOT_1_BAD.eps>
(epstopdf)                    date: 2009-12-17 13:38:35
(epstopdf)                    size: 45079 bytes
(epstopdf)             Output file: <./bilder/Sample_4_SPOT_1_BAD-eps-converted
-to.pdf>
(epstopdf)                    date: 2009-12-17 17:27:00
(epstopdf)                    size: 25776 bytes
(epstopdf)             Command: <epstopdf --outfile=./bilder/Sample_4_SPOT_1_BA
D-eps-converted-to.pdf ./bilder/Sample_4_SPOT_1_BAD.eps>
(epstopdf)             \includegraphics on input line 131.
Package epstopdf Info: Output file is already uptodate.

<./bilder/Sample_4_SPOT_1_BAD-eps-converted-to.pdf, id=675, 495.8525pt x 415.55
25pt>
File: ./bilder/Sample_4_SPOT_1_BAD-eps-converted-to.pdf Graphic file (type pdf)

 <use ./bilder/Sample_4_SPOT_1_BAD-eps-converted-to.pdf> [30 <C:/Documents and 
Settings/Jon/My Documents/Prosjekt/solcelle/Latex_filer/bilder/Posisjonsavhengi
ghet-eps-converted-to.pdf> <C:/Documents and Settings/Jon/My Documents/Prosjekt
/solcelle/Latex_filer/bilder/sample_4_edited.png (PNG copy)>]
Package epstopdf Info: Source file: <./bilder/Sample_4_SPOT_2_GOOD.eps>
(epstopdf)                    date: 2009-12-17 13:38:35
(epstopdf)                    size: 45374 bytes
(epstopdf)             Output file: <./bilder/Sample_4_SPOT_2_GOOD-eps-converte
d-to.pdf>
(epstopdf)                    date: 2009-12-17 17:27:01
(epstopdf)                    size: 26000 bytes
(epstopdf)             Command: <epstopdf --outfile=./bilder/Sample_4_SPOT_2_GO
OD-eps-converted-to.pdf ./bilder/Sample_4_SPOT_2_GOOD.eps>
(epstopdf)             \includegraphics on input line 139.
Package epstopdf Info: Output file is already uptodate.

<./bilder/Sample_4_SPOT_2_GOOD-eps-converted-to.pdf, id=684, 495.8525pt x 415.5
525pt>
File: ./bilder/Sample_4_SPOT_2_GOOD-eps-converted-to.pdf Graphic file (type pdf
)
 <use ./bilder/Sample_4_SPOT_2_GOOD-eps-converted-to.pdf>) [31 <C:/Documents an
d Settings/Jon/My Documents/Prosjekt/solcelle/Latex_filer/bilder/Sample_4_SPOT_
1_BAD-eps-converted-to.pdf> <C:/Documents and Settings/Jon/My Documents/Prosjek
t/solcelle/Latex_filer/bilder/Sample_4_SPOT_2_GOOD-eps-converted-to.pdf>]
("C:\Documents and Settings\Jon\My Documents\Prosjekt\solcelle\Latex_filer\disk
usjon.tex" <./bilder/referanse_gammel_piler.png, id=696, 562.1pt x 421.575pt>
File: ./bilder/referanse_gammel_piler.png Graphic file (type png)

<use ./bilder/referanse_gammel_piler.png>
<./bilder/referanse_ny_piler.png, id=697, 562.1pt x 421.575pt>
File: ./bilder/referanse_ny_piler.png Graphic file (type png)

<use ./bilder/referanse_ny_piler.png> [32

 <C:/Documents and Settings/Jon/My Documents/Prosjekt/solcelle/Latex_filer/bild
er/referanse_gammel_piler.png> <C:/Documents and Settings/Jon/My Documents/Pros
jekt/solcelle/Latex_filer/bilder/referanse_ny_piler.png>] [33]
<./bilder/sample_4_good_arrows.png, id=732, 562.1pt x 421.575pt>
File: ./bilder/sample_4_good_arrows.png Graphic file (type png)

<use ./bilder/sample_4_good_arrows.png> [34] [35 <C:/Documents and Settings/Jon
/My Documents/Prosjekt/solcelle/Latex_filer/bilder/sample_4_good_arrows.png (PN
G copy)>] <./bilder/sample_4_bad_arrows.png, id=750, 562.1pt x 421.575pt>
File: ./bilder/sample_4_bad_arrows.png Graphic file (type png)

<use ./bilder/sample_4_bad_arrows.png> [36 <C:/Documents and Settings/Jon/My Do
cuments/Prosjekt/solcelle/Latex_filer/bilder/sample_4_bad_arrows.png (PNG copy)
>] <./bilder/posisjon_daarlig_gauss.png, id=768, 531.9875pt x 401.5pt>
File: ./bilder/posisjon_daarlig_gauss.png Graphic file (type png)

<use ./bilder/posisjon_daarlig_gauss.png> [37 <C:/Documents and Settings/Jon/My
 Documents/Prosjekt/solcelle/Latex_filer/bilder/posisjon_daarlig_gauss.png (PNG
 copy)>]) [38]
("C:\Documents and Settings\Jon\My Documents\Prosjekt\solcelle\Latex_filer\konk
lusjon.tex") [39

]
("C:\Documents and Settings\Jon\My Documents\Prosjekt\solcelle\Latex_filer\Late
x_filer.bbl"
LaTeX Font Info:    Try loading font information for T1+cmtt on input line 29.
 ("C:\Program Files\MiKTeX 2.8\tex\latex\base\t1cmtt.fd"
File: t1cmtt.fd 1999/05/25 v2.5h Standard LaTeX font definitions
)
Underfull \hbox (badness 10000) in paragraph at lines 25--30
[]\T1/cmr/m/n/10.95 Janis Re-search Com-pa-ny Inc.  Cryo-stat ja-
 []


Underfull \hbox (badness 10000) in paragraph at lines 25--30
\T1/cmr/m/n/10.95 nis st-500.  []$\T1/cmtt/m/n/10.95 http : / / www . janis . c
om / products /
 []


Underfull \hbox (badness 10000) in paragraph at lines 25--30
\T1/cmtt/m/n/10.95 productsoverview / SuperTranContinuousFlowCryostatSystems /
 []


Underfull \hbox (badness 3343) in paragraph at lines 62--66
[]\T1/cmr/m/n/10.95 50x mi-tu-toyo plan nir hr infinity-corrected ob-jec-tive. 
 []$\T1/cmtt/m/n/10.95 http :
 []


Underfull \hbox (badness 10000) in paragraph at lines 62--66
\T1/cmtt/m/n/10.95 / / www . edmundoptics . com / uk / onlinecatalog / displayp
roduct .
 []


Underfull \hbox (badness 1881) in paragraph at lines 73--78
[]\T1/cmr/m/n/10.95 Andor Tech-nol-o-gy plc.  idus in-gaas spec-troscopy ccd.  
[]$\T1/cmtt/m/n/10.95 http :
 []


Underfull \hbox (badness 10000) in paragraph at lines 73--78
\T1/cmtt/m/n/10.95 / / www . andor . com / scientific _ cameras / idus-[]ingaas
 / models /
 []

[40

]
Underfull \hbox (badness 10000) in paragraph at lines 90--95
[]\T1/cmr/m/n/10.95 Horiba Sci-en-tif-ic.  ihr550 imag-ing spec-trom-e-ter.
 []


Underfull \hbox (badness 10000) in paragraph at lines 90--95
[]$\T1/cmtt/m/n/10.95 http : / / www . horiba . com / us / en / scientific / pr
oducts /
 []


Underfull \hbox (badness 10000) in paragraph at lines 90--95
\T1/cmtt/m/n/10.95 optical-[]spectroscopy / spectrometers-[]monochromators / ih
r /
 []


Underfull \hbox (badness 10000) in paragraph at lines 135--138
[]\T1/cmr/m/n/10.95 Thorlabs.  Linse acn127-020-b.  []$\T1/cmtt/m/n/10.95 http 
: / / www . thorlabs . de /
 []


Underfull \hbox (badness 10000) in paragraph at lines 145--150
[]\T1/cmr/m/n/10.95 Thorlabs.  Pro-tect-ed sil-ver mir-ror.  []$\T1/cmtt/m/n/10
.95 http : / / www .
 []


Underfull \hbox (badness 10000) in paragraph at lines 145--150
\T1/cmtt/m/n/10.95 thorlabs . de / NewGroupPage9 . cfm ? ObjectGroup _ ID = 903
&pn =
 []

) [41]
("C:\Documents and Settings\Jon\My Documents\Prosjekt\solcelle\Latex_filer\vedl
egg_transmisjon.tex" <./bilder/cryovindu.png, id=830, 1072.005pt x 650.43pt>
File: ./bilder/cryovindu.png Graphic file (type png)

<use ./bilder/cryovindu.png>
<./bilder/objektiv.png, id=832, 873.2625pt x 525.965pt>
File: ./bilder/objektiv.png Graphic file (type png)

<use ./bilder/objektiv.png>
<./bilder/speil.png, id=834, 937.5025pt x 658.46pt>
File: ./bilder/speil.png Graphic file (type png)
 <use ./bilder/speil.png>
[42

 <C:/Documents and Settings/Jon/My Documents/Prosjekt/solcelle/Latex_filer/bild
er/cryovindu.png (PNG copy)> <C:/Documents and Settings/Jon/My Documents/Prosje
kt/solcelle/Latex_filer/bilder/objektiv.png (PNG copy)>]
<./bilder/kameragraf.png, id=840, 737.75626pt x 592.2125pt>
File: ./bilder/kameragraf.png Graphic file (type png)

<use ./bilder/kameragraf.png>
<./bilder/breamsplitter400-700nm.png, id=842, 782.925pt x 680.5425pt>
File: ./bilder/breamsplitter400-700nm.png Graphic file (type png)

<use ./bilder/breamsplitter400-700nm.png> [43 <C:/Documents and Settings/Jon/My
 Documents/Prosjekt/solcelle/Latex_filer/bilder/speil.png (PNG copy)> <C:/Docum
ents and Settings/Jon/My Documents/Prosjekt/solcelle/Latex_filer/bilder/kamerag
raf.png (PNG copy)>]
<./bilder/old_linse.png, id=849, 635.37375pt x 215.80624pt>
File: ./bilder/old_linse.png Graphic file (type png)

<use ./bilder/old_linse.png>
<./bilder/breamsplitter1100-1600nm.png, id=851, 785.93625pt x 693.59125pt>
File: ./bilder/breamsplitter1100-1600nm.png Graphic file (type png)

<use ./bilder/breamsplitter1100-1600nm.png> [44 <C:/Documents and Settings/Jon/
My Documents/Prosjekt/solcelle/Latex_filer/bilder/breamsplitter400-700nm.png (P
NG copy)> <C:/Documents and Settings/Jon/My Documents/Prosjekt/solcelle/Latex_f
iler/bilder/old_linse.png (PNG copy)>]
<./bilder/ny_linse.png, id=859, 658.46pt x 443.6575pt>
File: ./bilder/ny_linse.png Graphic file (type png)

<use ./bilder/ny_linse.png>) [45 <C:/Documents and Settings/Jon/My Documents/Pr
osjekt/solcelle/Latex_filer/bilder/breamsplitter1100-1600nm.png (PNG copy)> <C:
/Documents and Settings/Jon/My Documents/Prosjekt/solcelle/Latex_filer/bilder/n
y_linse.png (PNG copy)>]
("C:\Documents and Settings\Jon\My Documents\Prosjekt\solcelle\Latex_filer\Late
x_filer.aux") ) 
Here is how much of TeX's memory you used:
 16218 strings out of 495285
 298967 string characters out of 3180345
 626313 words of memory out of 3000000
 18752 multiletter control sequences out of 15000+200000
 23197 words of font info for 66 fonts, out of 3000000 for 9000
 14 hyphenation exceptions out of 8191
 47i,11n,61p,1994b,663s stack positions out of 5000i,500n,10000p,200000b,50000s
 <C:\Documents and Settings\Jon\Local Settings\Application Data\
MiKTeX\2.8\fonts\pk\ljfour\jknappen\ec\dpi600\ectt1095.pk> <C:\Documents and Se
ttings\Jon\Local Settings\Application Data\MiKTeX\2.8\fonts\pk\ljfour\jknappen\
ec\dpi600\ecti1095.pk> <C:\Documents and Settings\Jon\Local Settings\Applicatio
n Data\MiKTeX\2.8\fonts\pk\ljfour\jknappen\ec\dpi600\ecrm0900.pk> <C:\Documents
 and Settings\Jon\Local Settings\Application Data\MiKTeX\2.8\fonts\pk\ljfour\jk
nappen\ec\dpi600\ecrm0600.pk> <C:\Documents and Settings\Jon\Local Settings\App
lication Data\MiKTeX\2.8\fonts\pk\ljfour\jknappen\ec\dpi600\ecbx1200.pk> <C:\Do
cuments and Settings\Jon\Local Settings\Application Data\MiKTeX\2.8\fonts\pk\lj
four\jknappen\ec\dpi600\ecbx1095.pk> <C:\Documents and Settings\Jon\Local Setti
ngs\Application Data\MiKTeX\2.8\fonts\pk\ljfour\jknappen\ec\dpi600\ecbx1440.pk>
 <C:\Documents and Settings\Jon\Local Settings\Application Data\MiKTeX\2.8\font
s\pk\ljfour\jknappen\ec\dpi600\ecrm1095.pk> <C:\Documents and Settings\Jon\Loca
l Settings\Application Data\MiKTeX\2.8\fonts\pk\ljfour\jknappen\ec\dpi600\ecrm1
000.pk> <C:\Documents and Settings\Jon\Local Settings\Application Data\MiKTeX\2
.8\fonts\pk\ljfour\jknappen\ec\dpi600\ecbx1000.pk> <C:\Documents and Settings\J
on\Local Settings\Application Data\MiKTeX\2.8\fonts\pk\ljfour\jknappen\ec\dpi60
0\ecrm1200.pk> <C:\Documents and Settings\Jon\Local Settings\Application Data\M
iKTeX\2.8\fonts\pk\ljfour\jknappen\ec\dpi600\ecrm1728.pk><C:/Program Files/MiKT
eX 2.8/fonts/type1/public/amsfonts/cm/cmex10.pfb><C:/Program Files/MiKTeX 2.8/f
onts/type1/public/amsfonts/cm/cmmi10.pfb><C:/Program Files/MiKTeX 2.8/fonts/typ
e1/public/amsfonts/cm/cmmi12.pfb><C:/Program Files/MiKTeX 2.8/fonts/type1/publi
c/amsfonts/cm/cmmi6.pfb><C:/Program Files/MiKTeX 2.8/fonts/type1/public/amsfont
s/cm/cmmi8.pfb><C:/Program Files/MiKTeX 2.8/fonts/type1/public/amsfonts/cm/cmmi
9.pfb><C:/Program Files/MiKTeX 2.8/fonts/type1/public/amsfonts/cm/cmr10.pfb><C:
/Program Files/MiKTeX 2.8/fonts/type1/public/amsfonts/cm/cmr6.pfb><C:/Program F
iles/MiKTeX 2.8/fonts/type1/public/amsfonts/cm/cmr8.pfb><C:/Program Files/MiKTe
X 2.8/fonts/type1/public/amsfonts/cm/cmr9.pfb><C:/Program Files/MiKTeX 2.8/font
s/type1/public/amsfonts/cm/cmsy10.pfb><C:/Program Files/MiKTeX 2.8/fonts/type1/
public/amsfonts/cm/cmsy8.pfb><C:/Program Files/MiKTeX 2.8/fonts/type1/public/am
sfonts/cm/cmsy9.pfb><C:/Program Files/MiKTeX 2.8/fonts/type1/public/amsfonts/eu
ler/eurm10.pfb>
Output written on Latex_filer.pdf (50 pages, 2768212 bytes).
PDF statistics:
 1394 PDF objects out of 1440 (max. 8388607)
 189 named destinations out of 1000 (max. 500000)
 503 words of extra memory for PDF output out of 10000 (max. 10000000)

