This is pdfTeX, Version 3.1415926-1.40.10 (MiKTeX 2.8) (preloaded format=latex 2009.10.2)  2 OCT 2009 16:14
entering extended mode
**solcelle.tex

("C:\Documents and Settings\Jon\My Documents\Prosjekt\solcelle\Latex_prosjekt\s
olcelle.tex"
LaTeX2e <2005/12/01>
Babel <v3.8l> and hyphenation patterns for english, dumylang, nohyphenation, ge
rman, ngerman, german-x-2009-06-19, ngerman-x-2009-06-19, french, loaded.
("C:\Program Files\MiKTeX 2.8\tex\latex\base\article.cls"
Document Class: article 2005/09/16 v1.4f Standard LaTeX document class
("C:\Program Files\MiKTeX 2.8\tex\latex\base\size11.clo"
File: size11.clo 2005/09/16 v1.4f Standard LaTeX file (size option)
)
\c@part=\count79
\c@section=\count80
\c@subsection=\count81
\c@subsubsection=\count82
\c@paragraph=\count83
\c@subparagraph=\count84
\c@figure=\count85
\c@table=\count86
\abovecaptionskip=\skip41
\belowcaptionskip=\skip42
\bibindent=\dimen102
)
("C:\Program Files\MiKTeX 2.8\tex\latex\base\fontenc.sty"
Package: fontenc 2005/09/27 v1.99g Standard LaTeX package

("C:\Program Files\MiKTeX 2.8\tex\latex\base\t1enc.def"
File: t1enc.def 2005/09/27 v1.99g Standard LaTeX file
LaTeX Font Info:    Redeclaring font encoding T1 on input line 43.
))
("C:\Program Files\MiKTeX 2.8\tex\latex\base\inputenc.sty"
Package: inputenc 2006/05/05 v1.1b Input encoding file
\inpenc@prehook=\toks14
\inpenc@posthook=\toks15

("C:\Program Files\MiKTeX 2.8\tex\latex\base\latin1.def"
File: latin1.def 2006/05/05 v1.1b Input encoding file
))
("C:\Program Files\MiKTeX 2.8\tex\generic\babel\babel.sty"
Package: babel 2008/07/06 v3.8l The Babel package

*************************************
* Local config file bblopts.cfg used
*
("C:\Program Files\MiKTeX 2.8\tex\latex\00miktex\bblopts.cfg"
File: bblopts.cfg 2006/07/31 v1.0 MiKTeX 'babel' configuration
)
("C:\Program Files\MiKTeX 2.8\tex\generic\babel\norsk.ldf"
Language: norsk 2005/03/30 v2.0h Norsk support from the babel system

("C:\Program Files\MiKTeX 2.8\tex\generic\babel\babel.def"
File: babel.def 2008/07/06 v3.8l Babel common definitions
\babel@savecnt=\count87
\U@D=\dimen103
)

Package babel Warning: No hyphenation patterns were loaded for
(babel)                the language `Norsk'
(babel)                I will use the patterns loaded for \language=0 instead.

\l@norsk = a dialect from \language0
Package babel Info: Making " an active character on input line 113.
)) ("C:\Program Files\MiKTeX 2.8\tex\latex\graphics\graphicx.sty"
Package: graphicx 1999/02/16 v1.0f Enhanced LaTeX Graphics (DPC,SPQR)

("C:\Program Files\MiKTeX 2.8\tex\latex\graphics\keyval.sty"
Package: keyval 1999/03/16 v1.13 key=value parser (DPC)
\KV@toks@=\toks16
)
("C:\Program Files\MiKTeX 2.8\tex\latex\graphics\graphics.sty"
Package: graphics 2006/02/20 v1.0o Standard LaTeX Graphics (DPC,SPQR)

("C:\Program Files\MiKTeX 2.8\tex\latex\graphics\trig.sty"
Package: trig 1999/03/16 v1.09 sin cos tan (DPC)
)
("C:\Program Files\MiKTeX 2.8\tex\latex\00miktex\graphics.cfg"
File: graphics.cfg 2007/01/18 v1.5 graphics configuration of teTeX/TeXLive
)
Package graphics Info: Driver file: dvips.def on input line 90.

("C:\Program Files\MiKTeX 2.8\tex\latex\graphics\dvips.def"
File: dvips.def 1999/02/16 v3.0i Driver-dependant file (DPC,SPQR)
))
\Gin@req@height=\dimen104
\Gin@req@width=\dimen105
)
("C:\Program Files\MiKTeX 2.8\tex\latex\ams\math\amsmath.sty"
Package: amsmath 2000/07/18 v2.13 AMS math features
\@mathmargin=\skip43

For additional information on amsmath, use the `?' option.
("C:\Program Files\MiKTeX 2.8\tex\latex\ams\math\amstext.sty"
Package: amstext 2000/06/29 v2.01

("C:\Program Files\MiKTeX 2.8\tex\latex\ams\math\amsgen.sty"
File: amsgen.sty 1999/11/30 v2.0
\@emptytoks=\toks17
\ex@=\dimen106
))
("C:\Program Files\MiKTeX 2.8\tex\latex\ams\math\amsbsy.sty"
Package: amsbsy 1999/11/29 v1.2d
\pmbraise@=\dimen107
)
("C:\Program Files\MiKTeX 2.8\tex\latex\ams\math\amsopn.sty"
Package: amsopn 1999/12/14 v2.01 operator names
)
\inf@bad=\count88
LaTeX Info: Redefining \frac on input line 211.
\uproot@=\count89
\leftroot@=\count90
LaTeX Info: Redefining \overline on input line 307.
\classnum@=\count91
\DOTSCASE@=\count92
LaTeX Info: Redefining \ldots on input line 379.
LaTeX Info: Redefining \dots on input line 382.
LaTeX Info: Redefining \cdots on input line 467.
\Mathstrutbox@=\box26
\strutbox@=\box27
\big@size=\dimen108
LaTeX Font Info:    Redeclaring font encoding OML on input line 567.
LaTeX Font Info:    Redeclaring font encoding OMS on input line 568.
\macc@depth=\count93
\c@MaxMatrixCols=\count94
\dotsspace@=\muskip10
\c@parentequation=\count95
\dspbrk@lvl=\count96
\tag@help=\toks18
\row@=\count97
\column@=\count98
\maxfields@=\count99
\andhelp@=\toks19
\eqnshift@=\dimen109
\alignsep@=\dimen110
\tagshift@=\dimen111
\tagwidth@=\dimen112
\totwidth@=\dimen113
\lineht@=\dimen114
\@envbody=\toks20
\multlinegap=\skip44
\multlinetaggap=\skip45
\mathdisplay@stack=\toks21
LaTeX Info: Redefining \[ on input line 2666.
LaTeX Info: Redefining \] on input line 2667.
)
("C:\Program Files\MiKTeX 2.8\tex\latex\amsfonts\amsfonts.sty"
Package: amsfonts 2009/06/22 v3.00 Basic AMSFonts support
\symAMSa=\mathgroup4
\symAMSb=\mathgroup5
LaTeX Font Info:    Overwriting math alphabet `\mathfrak' in version `bold'
(Font)                  U/euf/m/n --> U/euf/b/n on input line 96.
)
("C:\Program Files\MiKTeX 2.8\tex\latex\amsfonts\amssymb.sty"
Package: amssymb 2009/06/22 v3.00
)
("C:\Documents and Settings\Jon\Application Data\MiKTeX\2.8\tex\latex\siunits\S
Iunits.sty"
Package: SIunits 2007/12/02 v1.36 Support for the International System of units
 (MH)


\@qskwidth=\skip46
\symgreek=\mathgroup6

("C:\Documents and Settings\Jon\Application Data\MiKTeX\2.8\tex\latex\siunits\S
Iunits.cfg")
Option `amssymb' provided!
)
("C:\Documents and Settings\Jon\Application Data\MiKTeX\2.8\tex\latex\pgf\front
endlayer\tikz.sty"
("C:\Documents and Settings\Jon\Application Data\MiKTeX\2.8\tex\latex\pgf\basic
layer\pgf.sty"
("C:\Documents and Settings\Jon\Application Data\MiKTeX\2.8\tex\latex\pgf\utili
ties\pgfrcs.sty"
("C:\Documents and Settings\Jon\Application Data\MiKTeX\2.8\tex\generic\pgf\uti
lities\pgfutil-common.tex"
\pgfutil@everybye=\toks22
)
("C:\Documents and Settings\Jon\Application Data\MiKTeX\2.8\tex\generic\pgf\uti
lities\pgfutil-latex.def")
("C:\Documents and Settings\Jon\Application Data\MiKTeX\2.8\tex\generic\pgf\uti
lities\pgfrcs.code.tex"
Package: pgfrcs 2008/02/20 v2.00 (rcs-revision 1.21)
))
Package: pgf 2008/01/15 v2.00 (rcs-revision 1.12)

("C:\Documents and Settings\Jon\Application Data\MiKTeX\2.8\tex\latex\pgf\basic
layer\pgfcore.sty"
("C:\Documents and Settings\Jon\Application Data\MiKTeX\2.8\tex\latex\pgf\syste
mlayer\pgfsys.sty"
("C:\Documents and Settings\Jon\Application Data\MiKTeX\2.8\tex\generic\pgf\sys
temlayer\pgfsys.code.tex"
Package: pgfsys 2008/02/07 v2.00 (rcs-revision 1.31)

("C:\Documents and Settings\Jon\Application Data\MiKTeX\2.8\tex\generic\pgf\uti
lities\pgfkeys.code.tex"
\pgfkeys@pathtoks=\toks23
\pgfkeys@temptoks=\toks24
)
\pgf@x=\dimen115
\pgf@y=\dimen116
\pgf@xa=\dimen117
\pgf@ya=\dimen118
\pgf@xb=\dimen119
\pgf@yb=\dimen120
\pgf@xc=\dimen121
\pgf@yc=\dimen122
\c@pgf@counta=\count100
\c@pgf@countb=\count101
\c@pgf@countc=\count102
\c@pgf@countd=\count103

("C:\Documents and Settings\Jon\Application Data\MiKTeX\2.8\tex\generic\pgf\sys
temlayer\pgf.cfg"
File: pgf.cfg 2008/01/13  (rcs-revision 1.6)
)
Package pgfsys Info: Driver file for pgf: pgfsys-dvips.def on input line 885.

("C:\Documents and Settings\Jon\Application Data\MiKTeX\2.8\tex\generic\pgf\sys
temlayer\pgfsys-dvips.def"
File: pgfsys-dvips.def 2007/12/12  (rcs-revision 1.19)

("C:\Documents and Settings\Jon\Application Data\MiKTeX\2.8\tex\generic\pgf\sys
temlayer\pgfsys-common-postscript.def"
File: pgfsys-common-postscript.def 2008/02/07  (rcs-revision 1.18)
\pgf@objectcount=\count104
)))
("C:\Documents and Settings\Jon\Application Data\MiKTeX\2.8\tex\generic\pgf\sys
temlayer\pgfsyssoftpath.code.tex"
File: pgfsyssoftpath.code.tex 2008/01/23  (rcs-revision 1.6)
\pgfsyssoftpath@smallbuffer@items=\count105
\pgfsyssoftpath@bigbuffer@items=\count106
)
("C:\Documents and Settings\Jon\Application Data\MiKTeX\2.8\tex\generic\pgf\sys
temlayer\pgfsysprotocol.code.tex"
File: pgfsysprotocol.code.tex 2006/10/16  (rcs-revision 1.4)
))
("C:\Documents and Settings\Jon\Application Data\MiKTeX\2.8\tex\latex\xcolor\xc
olor.sty"
Package: xcolor 2007/01/21 v2.11 LaTeX color extensions (UK)
 ("C:\Program Files\MiKTeX 2.8\tex\latex\00miktex\color.cfg"
File: color.cfg 2007/01/18 v1.5 color configuration of teTeX/TeXLive
)
Package xcolor Info: Driver file: dvips.def on input line 225.
Package xcolor Info: Model `cmy' substituted by `cmy0' on input line 1337.
Package xcolor Info: Model `RGB' extended on input line 1353.
Package xcolor Info: Model `HTML' substituted by `rgb' on input line 1355.
Package xcolor Info: Model `Hsb' substituted by `hsb' on input line 1356.
Package xcolor Info: Model `tHsb' substituted by `hsb' on input line 1357.
Package xcolor Info: Model `HSB' substituted by `hsb' on input line 1358.
Package xcolor Info: Model `Gray' substituted by `gray' on input line 1359.
Package xcolor Info: Model `wave' substituted by `hsb' on input line 1360.
)
("C:\Documents and Settings\Jon\Application Data\MiKTeX\2.8\tex\generic\pgf\bas
iclayer\pgfcore.code.tex"
Package: pgfcore 2008/01/15 v2.00 (rcs-revision 1.6)

("C:\Documents and Settings\Jon\Application Data\MiKTeX\2.8\tex\generic\pgf\mat
h\pgfmath.code.tex"
("C:\Documents and Settings\Jon\Application Data\MiKTeX\2.8\tex\generic\pgf\mat
h\pgfmathcalc.code.tex"
("C:\Documents and Settings\Jon\Application Data\MiKTeX\2.8\tex\generic\pgf\mat
h\pgfmathutil.code.tex"
\pgfmath@box=\box28
)
("C:\Documents and Settings\Jon\Application Data\MiKTeX\2.8\tex\generic\pgf\mat
h\pgfmathparser.code.tex"
\pgfmath@stack=\toks25
\c@pgfmath@parsecounta=\count107
\c@pgfmath@parsecountb=\count108
\c@pgfmath@parsecountc=\count109
\pgfmath@parsex=\dimen123
)
("C:\Documents and Settings\Jon\Application Data\MiKTeX\2.8\tex\generic\pgf\mat
h\pgfmathoperations.code.tex"
("C:\Documents and Settings\Jon\Application Data\MiKTeX\2.8\tex\generic\pgf\mat
h\pgfmathtrig.code.tex")
("C:\Documents and Settings\Jon\Application Data\MiKTeX\2.8\tex\generic\pgf\mat
h\pgfmathrnd.code.tex"))
("C:\Documents and Settings\Jon\Application Data\MiKTeX\2.8\tex\generic\pgf\mat
h\pgfmathbase.code.tex")))
("C:\Documents and Settings\Jon\Application Data\MiKTeX\2.8\tex\generic\pgf\bas
iclayer\pgfcorepoints.code.tex"
File: pgfcorepoints.code.tex 2008/02/03  (rcs-revision 1.13)
\pgf@picminx=\dimen124
\pgf@picmaxx=\dimen125
\pgf@picminy=\dimen126
\pgf@picmaxy=\dimen127
\pgf@pathminx=\dimen128
\pgf@pathmaxx=\dimen129
\pgf@pathminy=\dimen130
\pgf@pathmaxy=\dimen131
\pgf@xx=\dimen132
\pgf@xy=\dimen133
\pgf@yx=\dimen134
\pgf@yy=\dimen135
\pgf@zx=\dimen136
\pgf@zy=\dimen137
)
("C:\Documents and Settings\Jon\Application Data\MiKTeX\2.8\tex\generic\pgf\bas
iclayer\pgfcorepathconstruct.code.tex"
File: pgfcorepathconstruct.code.tex 2008/02/13  (rcs-revision 1.14)
\pgf@path@lastx=\dimen138
\pgf@path@lasty=\dimen139
)
("C:\Documents and Settings\Jon\Application Data\MiKTeX\2.8\tex\generic\pgf\bas
iclayer\pgfcorepathusage.code.tex"
File: pgfcorepathusage.code.tex 2008/01/23  (rcs-revision 1.11)
\pgf@shorten@end@additional=\dimen140
\pgf@shorten@start@additional=\dimen141
)
("C:\Documents and Settings\Jon\Application Data\MiKTeX\2.8\tex\generic\pgf\bas
iclayer\pgfcorescopes.code.tex"
File: pgfcorescopes.code.tex 2008/01/15  (rcs-revision 1.26)
\pgfpic=\box29
\pgf@hbox=\box30
\pgf@layerbox@main=\box31
\pgf@picture@serial@count=\count110
)
("C:\Documents and Settings\Jon\Application Data\MiKTeX\2.8\tex\generic\pgf\bas
iclayer\pgfcoregraphicstate.code.tex"
File: pgfcoregraphicstate.code.tex 2007/12/12  (rcs-revision 1.8)
\pgflinewidth=\dimen142
)
("C:\Documents and Settings\Jon\Application Data\MiKTeX\2.8\tex\generic\pgf\bas
iclayer\pgfcoretransformations.code.tex"
File: pgfcoretransformations.code.tex 2008/02/04  (rcs-revision 1.10)
\pgf@pt@x=\dimen143
\pgf@pt@y=\dimen144
\pgf@pt@temp=\dimen145
)
("C:\Documents and Settings\Jon\Application Data\MiKTeX\2.8\tex\generic\pgf\bas
iclayer\pgfcorequick.code.tex"
File: pgfcorequick.code.tex 2006/10/11  (rcs-revision 1.2)
)
("C:\Documents and Settings\Jon\Application Data\MiKTeX\2.8\tex\generic\pgf\bas
iclayer\pgfcoreobjects.code.tex"
File: pgfcoreobjects.code.tex 2006/10/11  (rcs-revision 1.2)
)
("C:\Documents and Settings\Jon\Application Data\MiKTeX\2.8\tex\generic\pgf\bas
iclayer\pgfcorepathprocessing.code.tex"
File: pgfcorepathprocessing.code.tex 2008/01/23  (rcs-revision 1.7)
)
("C:\Documents and Settings\Jon\Application Data\MiKTeX\2.8\tex\generic\pgf\bas
iclayer\pgfcorearrows.code.tex"
File: pgfcorearrows.code.tex 2007/06/07  (rcs-revision 1.8)
)
("C:\Documents and Settings\Jon\Application Data\MiKTeX\2.8\tex\generic\pgf\bas
iclayer\pgfcoreshade.code.tex"
File: pgfcoreshade.code.tex 2007/12/10  (rcs-revision 1.9)
\pgf@max=\dimen146
\pgf@sys@shading@range@num=\count111
)
("C:\Documents and Settings\Jon\Application Data\MiKTeX\2.8\tex\generic\pgf\bas
iclayer\pgfcoreimage.code.tex"
File: pgfcoreimage.code.tex 2008/01/15  (rcs-revision 1.1)
\pgfexternal@startupbox=\box32
)
("C:\Documents and Settings\Jon\Application Data\MiKTeX\2.8\tex\generic\pgf\bas
iclayer\pgfcorelayers.code.tex"
File: pgfcorelayers.code.tex 2008/01/15  (rcs-revision 1.1)
)
("C:\Documents and Settings\Jon\Application Data\MiKTeX\2.8\tex\generic\pgf\bas
iclayer\pgfcoretransparency.code.tex"
File: pgfcoretransparency.code.tex 2008/01/17  (rcs-revision 1.2)
)
("C:\Documents and Settings\Jon\Application Data\MiKTeX\2.8\tex\generic\pgf\bas
iclayer\pgfcorepatterns.code.tex"
File: pgfcorepatterns.code.tex 2008/01/15  (rcs-revision 1.1)
)))
("C:\Documents and Settings\Jon\Application Data\MiKTeX\2.8\tex\generic\pgf\mod
ules\pgfmoduleshapes.code.tex"
File: pgfmoduleshapes.code.tex 2008/02/13  (rcs-revision 1.4)
\pgfnodeparttextbox=\box33
\toks@savedmacro=\toks26
)
("C:\Documents and Settings\Jon\Application Data\MiKTeX\2.8\tex\generic\pgf\mod
ules\pgfmoduleplot.code.tex"
File: pgfmoduleplot.code.tex 2008/01/15  (rcs-revision 1.1)
\pgf@plotwrite=\write3
)
("C:\Documents and Settings\Jon\Application Data\MiKTeX\2.8\tex\latex\pgf\compa
tibility\pgfcomp-version-0-65.sty"
Package: pgfcomp-version-0-65 2007/07/03 v2.00 (rcs-revision 1.7)
\pgf@nodesepstart=\dimen147
\pgf@nodesepend=\dimen148
)
("C:\Documents and Settings\Jon\Application Data\MiKTeX\2.8\tex\latex\pgf\compa
tibility\pgfcomp-version-1-18.sty"
Package: pgfcomp-version-1-18 2007/07/23 v2.00 (rcs-revision 1.1)
))
("C:\Documents and Settings\Jon\Application Data\MiKTeX\2.8\tex\latex\pgf\utili
ties\pgffor.sty"
("C:\Documents and Settings\Jon\Application Data\MiKTeX\2.8\tex\generic\pgf\uti
lities\pgffor.code.tex"
Package: pgffor 2007/11/07 v2.00 (rcs-revision 1.8)
\pgffor@iter=\dimen149
\pgffor@skip=\dimen150
))
("C:\Documents and Settings\Jon\Application Data\MiKTeX\2.8\tex\generic\pgf\fro
ntendlayer\tikz\tikz.code.tex"
Package: tikz 2008/02/13 v2.00 (rcs-revision 1.27)

("C:\Documents and Settings\Jon\Application Data\MiKTeX\2.8\tex\generic\pgf\lib
raries\pgflibraryplothandlers.code.tex"
File: pgflibraryplothandlers.code.tex 2007/03/09 v2.00 (rcs-revision 1.9)
\pgf@plot@mark@count=\count112
\pgfplotmarksize=\dimen151
)
\tikz@lastx=\dimen152
\tikz@lasty=\dimen153
\tikz@lastxsaved=\dimen154
\tikz@lastysaved=\dimen155
\tikzleveldistance=\dimen156
\tikzsiblingdistance=\dimen157
\tikz@figbox=\box34
\tikz@tempbox=\box35
\tikztreelevel=\count113
\tikznumberofchildren=\count114
\tikznumberofcurrentchild=\count115
\tikz@fig@count=\count116

("C:\Documents and Settings\Jon\Application Data\MiKTeX\2.8\tex\generic\pgf\mod
ules\pgfmodulematrix.code.tex"
File: pgfmodulematrix.code.tex 2008/01/15  (rcs-revision 1.1)
\pgfmatrixcurrentrow=\count117
\pgfmatrixcurrentcolumn=\count118
\pgf@matrix@numberofcolumns=\count119
)
\tikz@expandcount=\count120

("C:\Documents and Settings\Jon\Application Data\MiKTeX\2.8\tex\generic\pgf\fro
ntendlayer\tikz\libraries\tikzlibrarytopaths.code.tex"
File: tikzlibrarytopaths.code.tex 2008/01/09 v2.00 (rcs-revision 1.1)
)))
("C:\Documents and Settings\Jon\Application Data\MiKTeX\2.8\tex\latex\tkz-tab\t
kz-tab.sty"
Package: tkz-tab 2009/02/21 v1.0c variations (ctan version) 
 ("C:\Program Files\MiKTeX 2.8\tex\latex\misc\etex.sty"
Package: etex 1998/03/26 v2.0 eTeX basic definition package (PEB)
\et@xins=\count121
)
("C:\Program Files\MiKTeX 2.8\tex\latex\base\ifthen.sty"
Package: ifthen 2001/05/26 v1.1c Standard LaTeX ifthen package (DPC)
)
("C:\Program Files\MiKTeX 2.8\tex\latex\xkeyval\xkeyval.sty"
Package: xkeyval 2008/08/13 v2.6a package option processing (HA)

("C:\Program Files\MiKTeX 2.8\tex\generic\xkeyval\xkeyval.tex"
\XKV@toks=\toks27
\XKV@tempa@toks=\toks28
\XKV@depth=\count122
File: xkeyval.tex 2008/08/13 v2.6a key=value parser (HA)
))
("C:\Documents and Settings\Jon\Application Data\MiKTeX\2.8\tex\generic\pgf\fro
ntendlayer\tikz\libraries\tikzlibraryarrows.code.tex"
File: tikzlibraryarrows.code.tex 2008/01/09 v2.00 (rcs-revision 1.1)

("C:\Documents and Settings\Jon\Application Data\MiKTeX\2.8\tex\generic\pgf\lib
raries\pgflibraryarrows.code.tex"
File: pgflibraryarrows.code.tex 2007/06/07 v2.00 (rcs-revision 1.7)
))
("C:\Documents and Settings\Jon\Application Data\MiKTeX\2.8\tex\generic\pgf\fro
ntendlayer\tikz\libraries\tikzlibrarypatterns.code.tex"
File: tikzlibrarypatterns.code.tex 2008/01/15 v2.00 (rcs-revision 1.2)

("C:\Documents and Settings\Jon\Application Data\MiKTeX\2.8\tex\generic\pgf\lib
raries\pgflibrarypatterns.code.tex"
File: pgflibrarypatterns.code.tex 2008/01/15 v2.00 (rcs-revision 1.12)
))
\tkz@XF=\dimen158
\tkz@YF=\dimen159
\c@tkz@cnt@line=\count123
\c@tkz@cnt@lg=\count124
\c@tkz@cnt@cl=\count125
\c@tkz@cnt@pred=\count126
\c@tkz@cnt@temp=\count127
\c@tkz@cnt@arrow=\count128
\c@tkz@cnt@zone=\count129
\c@tkz@cnt@lgnext=\count130
\c@tkz@cnt@clnext=\count131
\c@tkz@cnt@pair=\count132
\c@tkz@cnt@impair=\count133
\c@tkz@cnt@aw=\count134
)
("C:\Documents and Settings\Jon\Application Data\MiKTeX\2.8\tex\generic\pgf\fro
ntendlayer\tikz\libraries\tikzlibrarydecorations.pathmorphing.code.tex"
("C:\Documents and Settings\Jon\Application Data\MiKTeX\2.8\tex\generic\pgf\fro
ntendlayer\tikz\libraries\tikzlibrarydecorations.code.tex"
("C:\Documents and Settings\Jon\Application Data\MiKTeX\2.8\tex\generic\pgf\mod
ules\pgfmoduledecorations.code.tex"
\pgfdecoratedcompleteddistance=\dimen160
\pgfdecoratedremainingdistance=\dimen161
\pgfdecoratedinputsegmentcompleteddistance=\dimen162
\pgfdecoratedinputsegmentremainingdistance=\dimen163
\pgf@decorate@distancetomove=\dimen164
\pgf@decorate@repeatstate=\count135
\pgfdecorationsegmentamplitude=\dimen165
\pgfdecorationsegmentlength=\dimen166
))
("C:\Documents and Settings\Jon\Application Data\MiKTeX\2.8\tex\generic\pgf\lib
raries\pgflibrarydecorations.pathmorphing.code.tex"))
("C:\Documents and Settings\Jon\My Documents\Prosjekt\solcelle\Latex_prosjekt\s
olcelle.aux")
LaTeX Font Info:    Checking defaults for OML/cmm/m/it on input line 21.
LaTeX Font Info:    ... okay on input line 21.
LaTeX Font Info:    Checking defaults for T1/cmr/m/n on input line 21.
LaTeX Font Info:    ... okay on input line 21.
LaTeX Font Info:    Checking defaults for OT1/cmr/m/n on input line 21.
LaTeX Font Info:    ... okay on input line 21.
LaTeX Font Info:    Checking defaults for OMS/cmsy/m/n on input line 21.
LaTeX Font Info:    ... okay on input line 21.
LaTeX Font Info:    Checking defaults for OMX/cmex/m/n on input line 21.
LaTeX Font Info:    ... okay on input line 21.
LaTeX Font Info:    Checking defaults for U/cmr/m/n on input line 21.
LaTeX Font Info:    ... okay on input line 21.
LaTeX Font Info:    Checking defaults for TS1/cmr/m/n on input line 21.
LaTeX Font Info:    Try loading font information for TS1+cmr on input line 21.
 ("C:\Program Files\MiKTeX 2.8\tex\latex\base\ts1cmr.fd"
File: ts1cmr.fd 1999/05/25 v2.5h Standard LaTeX font definitions
)
LaTeX Font Info:    ... okay on input line 21.

Option `amssymb' provided! 
 Command \square redefined by SIunits package!


("C:\Documents and Settings\Jon\My Documents\Prosjekt\solcelle\Latex_prosjekt\s
olcelle_teori.tex" [1

]
Missing character: There is no [ in font nullfont!
Missing character: There is no v in font nullfont!
Missing character: There is no a in font nullfont!
Missing character: There is no l in font nullfont!
Missing character: There is no e in font nullfont!
Missing character: There is no n in font nullfont!
Missing character: There is no s in font nullfont!
Missing character: There is no b in font nullfont!
Missing character: There is no a in font nullfont!
Missing character: There is no n in font nullfont!
Missing character: There is no d in font nullfont!
Missing character: There is no / in font nullfont!
Missing character: There is no . in font nullfont!
Missing character: There is no s in font nullfont!
Missing character: There is no t in font nullfont!
Missing character: There is no y in font nullfont!
Missing character: There is no l in font nullfont!
Missing character: There is no e in font nullfont!
Missing character: There is no = in font nullfont!
Missing character: There is no r in font nullfont!
Missing character: There is no e in font nullfont!
Missing character: There is no c in font nullfont!
Missing character: There is no t in font nullfont!
Missing character: There is no a in font nullfont!
Missing character: There is no n in font nullfont!
Missing character: There is no g in font nullfont!
Missing character: There is no l in font nullfont!
Missing character: There is no e in font nullfont!
Missing character: There is no , in font nullfont!
Missing character: There is no d in font nullfont!
Missing character: There is no r in font nullfont!
Missing character: There is no a in font nullfont!
Missing character: There is no w in font nullfont!
Missing character: There is no = in font nullfont!
Missing character: There is no b in font nullfont!
Missing character: There is no l in font nullfont!
Missing character: There is no a in font nullfont!
Missing character: There is no c in font nullfont!
Missing character: There is no k in font nullfont!
Missing character: There is no ! in font nullfont!
Missing character: There is no 5 in font nullfont!
Missing character: There is no 0 in font nullfont!
Missing character: There is no ] in font nullfont!

Overfull \hbox (38.73232pt too wide) in paragraph at lines 60--61
 [][][] 
 []


LaTeX Warning: Citation `streetman' on page 2 undefined on input line 65.

LaTeX Font Info:    Try loading font information for U+msa on input line 69.
("C:\Program Files\MiKTeX 2.8\tex\latex\amsfonts\umsa.fd"
File: umsa.fd 2009/06/22 v3.00 AMS symbols A
)
LaTeX Font Info:    Try loading font information for U+msb on input line 69.

("C:\Program Files\MiKTeX 2.8\tex\latex\amsfonts\umsb.fd"
File: umsb.fd 2009/06/22 v3.00 AMS symbols B
) [2]
Overfull \hbox (7.54541pt too wide) in paragraph at lines 114--115
[]\T1/cmr/m/n/10.95 Det er to mekanis-mer som bidrar til trans-port av elek-tro
ner og hull i halvledere:
 []

[3]

LaTeX Warning: Citation `streetman' on page 4 undefined on input line 151.

) [4]
("C:\Documents and Settings\Jon\My Documents\Prosjekt\solcelle\Latex_prosjekt\s
olcelle.aux")

LaTeX Warning: There were undefined references.


LaTeX Warning: Label(s) may have changed. Rerun to get cross-references right.

 ) 
Here is how much of TeX's memory you used:
 9998 strings out of 495286
 179626 string characters out of 3180369
 242796 words of memory out of 3000000
 12973 multiletter control sequences out of 15000+200000
 13772 words of font info for 41 fonts, out of 3000000 for 9000
 14 hyphenation exceptions out of 8191
 47i,6n,58p,1008b,637s stack positions out of 5000i,500n,10000p,200000b,50000s

Output written on solcelle.dvi (4 pages, 22432 bytes).
