\BOOKMARK [1][-]{section.1}{Solcelle teori}{}
\BOOKMARK [2][-]{subsection.1.1}{B\345ndgap}{section.1}
\BOOKMARK [2][-]{subsection.1.2}{Doping}{section.1}
\BOOKMARK [2][-]{subsection.1.3}{Transport- og rekombinasjons-prosesser}{section.1}
\BOOKMARK [2][-]{subsection.1.4}{Eksitasjon og rekombinasjon}{section.1}
\BOOKMARK [2][-]{subsection.1.5}{Solceller}{section.1}
\BOOKMARK [2][-]{subsection.1.6}{Spektroskopi}{section.1}
\BOOKMARK [3][-]{subsubsection.1.6.1}{Spektrometer}{subsection.1.6}
\BOOKMARK [3][-]{subsubsection.1.6.2}{Fotoluminisens}{subsection.1.6}
\BOOKMARK [1][-]{section.2}{M\345lemetode og Instrumentering}{}
\BOOKMARK [2][-]{subsection.2.1}{Tap i systemet}{section.2}
\BOOKMARK [2][-]{subsection.2.2}{Laboppsett}{section.2}
\BOOKMARK [2][-]{subsection.2.3}{Forslag til nytt oppsett}{section.2}
\BOOKMARK [2][-]{subsection.2.4}{Lavtemperatur}{section.2}
\BOOKMARK [1][-]{section.3}{Resultater}{}
\BOOKMARK [2][-]{subsection.3.1}{M\345linger i romtemperatur}{section.3}
\BOOKMARK [2][-]{subsection.3.2}{M\345linger ved lavtemperatur}{section.3}
\BOOKMARK [1][-]{section.4}{Diskusjon}{}
\BOOKMARK [2][-]{subsubsection.4.0.1}{Erbium dopet referansepr\370ve}{section.4}
\BOOKMARK [3][-]{subsubsection.4.0.2}{Upolert og polert pr\370ve}{subsubsection.4.0.1}
\BOOKMARK [2][-]{subsection.4.1}{Sample 4 i romtempratur}{section.4}
\BOOKMARK [2][-]{subsection.4.2}{Sample4 ved lavtempratur}{section.4}
\BOOKMARK [1][-]{appendix.A}{Transmisjonskurver}{}
\BOOKMARK [2][-]{subsection.A.1}{F\370rste veibane}{appendix.A}
\BOOKMARK [2][-]{subsection.A.2}{Andre veibane}{appendix.A}
